<?xml version="1.0" encoding="UTF-8"?>
<testsuite name="com.pyryze.binance.spot.trade.TestCancelOcoOrder" tests="2" skipped="0" failures="0" errors="0" timestamp="2026-01-02T11:25:25" hostname="localhost" time="0.061">
  <properties/>
  <testcase name="testCancelOCOWithoutSymbol()" classname="com.pyryze.binance.spot.trade.TestCancelOcoOrder" time="0.014"/>
  <testcase name="testCancelOCO()" classname="com.pyryze.binance.spot.trade.TestCancelOcoOrder" time="0.043"/>
  <system-out><![CDATA[]]></system-out>
  <system-err><![CDATA[[Test worker] INFO com.pyryze.binance.connector.client.utils.RequestHandler - DELETE http://localhost:54729//api/v3/orderList?symbol=BNBUSDT&orderListId=1&timestamp=1767353125611&signature=63b69039929ad775aab4544ced1ed2c6d9640513427709308ab547f0b88d87b5
]]></system-err>
</testsuite>
