<?xml version="1.0" encoding="UTF-8"?>
<testsuite name="com.pyryze.binance.spot.subaccount.TestSubAccountStatus" tests="1" skipped="0" failures="0" errors="0" timestamp="2026-01-02T11:25:25" hostname="localhost" time="0.035">
  <properties/>
  <testcase name="testAccountStatus()" classname="com.pyryze.binance.spot.subaccount.TestSubAccountStatus" time="0.035"/>
  <system-out><![CDATA[]]></system-out>
  <system-err><![CDATA[[Test worker] INFO com.pyryze.binance.connector.client.utils.RequestHandler - GET http://localhost:44651//sapi/v1/sub-account/status?email=alice%40test.com&timestamp=1767353125242&signature=e4b2b0357d4e09c219fd7cf0ca40e4b1043eec3c1e420cdcc80b1a348d28898d
]]></system-err>
</testsuite>
