<?xml version="1.0" encoding="UTF-8"?>
<testsuite name="com.pyryze.binance.um_futures.market.TestUMBookTicker" tests="2" skipped="0" failures="0" errors="0" timestamp="2026-01-02T11:25:30" hostname="localhost" time="0.068">
  <properties/>
  <testcase name="testBookTickerWithSymbol()" classname="com.pyryze.binance.um_futures.market.TestUMBookTicker" time="0.032"/>
  <testcase name="testBookTickerWithoutSymbol()" classname="com.pyryze.binance.um_futures.market.TestUMBookTicker" time="0.033"/>
  <system-out><![CDATA[]]></system-out>
  <system-err><![CDATA[[Test worker] INFO com.pyryze.binance.connector.client.utils.RequestHandler - GET http://localhost:42179//fapi/v1/ticker/bookTicker?symbol=BNBUSDT
[Test worker] INFO com.pyryze.binance.connector.client.utils.RequestHandler - GET http://localhost:52849//fapi/v1/ticker/bookTicker
]]></system-err>
</testsuite>
