<?xml version="1.0" encoding="UTF-8"?>
<testsuite name="com.pyryze.binance.spot.margin.TestBnbBurn" tests="1" skipped="0" failures="0" errors="0" timestamp="2026-01-02T11:25:21" hostname="localhost" time="0.036">
  <properties/>
  <testcase name="testBnbBurn()" classname="com.pyryze.binance.spot.margin.TestBnbBurn" time="0.036"/>
  <system-out><![CDATA[]]></system-out>
  <system-err><![CDATA[[Test worker] INFO com.pyryze.binance.connector.client.utils.RequestHandler - POST http://localhost:49657//sapi/v1/bnbBurn?spotBNBBurn=true&interestBNBBurn=true&timestamp=1767353121078&signature=a87f97fdeea7752e990c6d72cc02183811b11e3a092fee63932138faadea98de
]]></system-err>
</testsuite>
