<?xml version="1.0" encoding="UTF-8"?>
<testsuite name="com.pyryze.binance.cm_futures.account.TestCMAllOrders" tests="2" skipped="0" failures="0" errors="0" timestamp="2026-01-02T11:25:18" hostname="localhost" time="0.05">
  <properties/>
  <testcase name="testAllOrders()" classname="com.pyryze.binance.cm_futures.account.TestCMAllOrders" time="0.033"/>
  <testcase name="testAllOrdersWithoutSymbol()" classname="com.pyryze.binance.cm_futures.account.TestCMAllOrders" time="0.014"/>
  <system-out><![CDATA[]]></system-out>
  <system-err><![CDATA[[Test worker] INFO com.pyryze.binance.connector.client.utils.RequestHandler - GET http://localhost:53327//dapi/v1/allOrders?symbol=bnbusd_perpetual&timestamp=1767353118569&signature=69c0b53b12fcbe7a357097e817d557e12a263fa03bbb15076fe57cd0287da870
]]></system-err>
</testsuite>
