<?xml version="1.0" encoding="UTF-8"?>
<testsuite name="com.pyryze.binance.spot.portfoliomargin.TestRepay" tests="1" skipped="0" failures="0" errors="0" timestamp="2026-01-02T11:25:23" hostname="localhost" time="0.029">
  <properties/>
  <testcase name="testRepay()" classname="com.pyryze.binance.spot.portfoliomargin.TestRepay" time="0.029"/>
  <system-out><![CDATA[]]></system-out>
  <system-err><![CDATA[[Test worker] INFO com.pyryze.binance.connector.client.utils.RequestHandler - POST http://localhost:60939//sapi/v1/portfolio/repay?timestamp=1767353123430&signature=eee966290d7a3742fbd6d43dc17bf5f52d6a6a93a50c7589f98495eec19c60a7
]]></system-err>
</testsuite>
