<?xml version="1.0" encoding="UTF-8"?>
<testsuite name="com.pyryze.binance.um_futures.market.TestUMOpenInterestStatistics" tests="4" skipped="0" failures="0" errors="0" timestamp="2026-01-02T11:25:32" hostname="localhost" time="0.153">
  <properties/>
  <testcase name="testOpenInterestStatisticsWithParameters()" classname="com.pyryze.binance.um_futures.market.TestUMOpenInterestStatistics" time="0.048"/>
  <testcase name="testOpenInterestStatistics()" classname="com.pyryze.binance.um_futures.market.TestUMOpenInterestStatistics" time="0.039"/>
  <testcase name="testOpenInterestStatisticsWithoutPeriod()" classname="com.pyryze.binance.um_futures.market.TestUMOpenInterestStatistics" time="0.018"/>
  <testcase name="testOpenInterestStatisticsWithoutSymbol()" classname="com.pyryze.binance.um_futures.market.TestUMOpenInterestStatistics" time="0.04"/>
  <system-out><![CDATA[]]></system-out>
  <system-err><![CDATA[[Test worker] INFO com.pyryze.binance.connector.client.utils.RequestHandler - GET http://localhost:56711//futures/data/openInterestHist?symbol=BNBUSDT&period=5m&limit=1000&startTime=1767353132374&endTime=1767353133374
[Test worker] INFO com.pyryze.binance.connector.client.utils.RequestHandler - GET http://localhost:41065//futures/data/openInterestHist?symbol=BNBUSDT&period=5m
]]></system-err>
</testsuite>
