<?xml version="1.0" encoding="UTF-8"?>
<testsuite name="com.pyryze.binance.um_futures.market.TestUMIndexPriceKlines" tests="4" skipped="0" failures="0" errors="0" timestamp="2026-01-02T11:25:31" hostname="localhost" time="0.138">
  <properties/>
  <testcase name="testIndexPriceKlinesKlines()" classname="com.pyryze.binance.um_futures.market.TestUMIndexPriceKlines" time="0.055"/>
  <testcase name="testIndexPriceKlinesWithParameters()" classname="com.pyryze.binance.um_futures.market.TestUMIndexPriceKlines" time="0.03"/>
  <testcase name="testIndexPriceKlinesWithoutInterval()" classname="com.pyryze.binance.um_futures.market.TestUMIndexPriceKlines" time="0.021"/>
  <testcase name="testIndexPriceKlinesWithoutpair()" classname="com.pyryze.binance.um_futures.market.TestUMIndexPriceKlines" time="0.022"/>
  <system-out><![CDATA[]]></system-out>
  <system-err><![CDATA[[Test worker] INFO com.pyryze.binance.connector.client.utils.RequestHandler - GET http://localhost:38543//fapi/v1/indexPriceKlines?pair=BNBUSDT&interval=1m
[Test worker] INFO com.pyryze.binance.connector.client.utils.RequestHandler - GET http://localhost:47363//fapi/v1/indexPriceKlines?pair=BNBUSDT&interval=1m&limit=1000&startTime=1767353131678&endTime=1767353132678
]]></system-err>
</testsuite>
