<?xml version="1.0" encoding="UTF-8"?>
<testsuite name="com.pyryze.binance.spot.userdata.TestCloseListenKey" tests="2" skipped="0" failures="0" errors="0" timestamp="2026-01-02T11:25:26" hostname="localhost" time="0.06">
  <properties/>
  <testcase name="testCloseListenKeyWithoutParameters()" classname="com.pyryze.binance.spot.userdata.TestCloseListenKey" time="0.017"/>
  <testcase name="testCloseListenKey()" classname="com.pyryze.binance.spot.userdata.TestCloseListenKey" time="0.041"/>
  <system-out><![CDATA[]]></system-out>
  <system-err><![CDATA[[Test worker] INFO com.pyryze.binance.connector.client.utils.RequestHandler - DELETE http://localhost:42269//api/v3/userDataStream?listenKey=test
]]></system-err>
</testsuite>
