<?xml version="1.0" encoding="UTF-8"?>
<testsuite name="com.pyryze.binance.spot.margin.TestNewMarginOrder" tests="2" skipped="0" failures="0" errors="0" timestamp="2026-01-02T11:25:22" hostname="localhost" time="0.043">
  <properties/>
  <testcase name="testNewMarginOrderWithoutParameters()" classname="com.pyryze.binance.spot.margin.TestNewMarginOrder" time="0.014"/>
  <testcase name="testNewMarginOrder()" classname="com.pyryze.binance.spot.margin.TestNewMarginOrder" time="0.027"/>
  <system-out><![CDATA[]]></system-out>
  <system-err><![CDATA[[Test worker] INFO com.pyryze.binance.connector.client.utils.RequestHandler - POST http://localhost:57019//sapi/v1/margin/order?symbol=BNBUSDT&side=BUY&type=MARKET&timestamp=1767353122940&signature=13e73089dbc6884a1f3e2f78fcbd34476f321932b76ff27ba670351b77d8d14c
]]></system-err>
</testsuite>
