<?xml version="1.0" encoding="UTF-8"?>
<testsuite name="com.pyryze.binance.cm_futures.account.TestCMNewOrder" tests="2" skipped="0" failures="0" errors="0" timestamp="2026-01-02T11:25:19" hostname="localhost" time="0.061">
  <properties/>
  <testcase name="testNewOrderWithoutParameters()" classname="com.pyryze.binance.cm_futures.account.TestCMNewOrder" time="0.017"/>
  <testcase name="testNewOrder()" classname="com.pyryze.binance.cm_futures.account.TestCMNewOrder" time="0.039"/>
  <system-out><![CDATA[]]></system-out>
  <system-err><![CDATA[[Test worker] INFO com.pyryze.binance.connector.client.utils.RequestHandler - POST http://localhost:55189//dapi/v1/order?symbol=BNBUSDT&side=BUY&type=MARKET&quantity=0.01&timestamp=1767353119703&signature=3318768850b6d93fc821ca9097487ee27d0d49c03c9d01ab795e33ca6f01767c
]]></system-err>
</testsuite>
