<?xml version="1.0" encoding="UTF-8"?>
<testsuite name="com.pyryze.binance.TestParameterChecker" tests="7" skipped="0" failures="0" errors="0" timestamp="2026-01-02T11:25:16" hostname="localhost" time="0.127">
  <properties/>
  <testcase name="testMoreThanOneAllowedParam()" classname="com.pyryze.binance.TestParameterChecker" time="0.01"/>
  <testcase name="testNoOneOfTheRequiredPrams()" classname="com.pyryze.binance.TestParameterChecker" time="0.011"/>
  <testcase name="testcheckNull()" classname="com.pyryze.binance.TestParameterChecker" time="0.01"/>
  <testcase name="testcheckParameter()" classname="com.pyryze.binance.TestParameterChecker" time="0.032"/>
  <testcase name="testcheckEmptyString()" classname="com.pyryze.binance.TestParameterChecker" time="0.011"/>
  <testcase name="testcheckParameterWrongType()" classname="com.pyryze.binance.TestParameterChecker" time="0.008"/>
  <testcase name="testcheckParameterNoKey()" classname="com.pyryze.binance.TestParameterChecker" time="0.009"/>
  <system-out><![CDATA[]]></system-out>
  <system-err><![CDATA[]]></system-err>
</testsuite>
