<?xml version="1.0" encoding="UTF-8"?>
<testsuite name="com.pyryze.binance.um_futures.account.TestUMDownloadIdForFuturesTransactionHistory" tests="2" skipped="0" failures="0" errors="0" timestamp="2026-01-02T11:25:29" hostname="localhost" time="0.079">
  <properties/>
  <testcase name="testDownloadIdForFuturesTransactionHistoryWithParameters()" classname="com.pyryze.binance.um_futures.account.TestUMDownloadIdForFuturesTransactionHistory" time="0.038"/>
  <testcase name="testDownloadIdForFuturesTransactionHistoryWithoutParameters()" classname="com.pyryze.binance.um_futures.account.TestUMDownloadIdForFuturesTransactionHistory" time="0.039"/>
  <system-out><![CDATA[]]></system-out>
  <system-err><![CDATA[[Test worker] INFO com.pyryze.binance.connector.client.utils.RequestHandler - GET http://localhost:36599//fapi/v1/income/asyn?startTime=1767353129432&endTime=1767353130432&timestamp=1767353129446&signature=32fac2a0a6cf3bb81e7c15bd297d90b82e05a3bc7959603d29c12e58a00961d0
[Test worker] INFO com.pyryze.binance.connector.client.utils.RequestHandler - GET http://localhost:43709//fapi/v1/income/asyn?timestamp=1767353129485&signature=d504d1b1a8fc501d45572a5c443a6314ef71622946d6530d300f27c424474bf9
]]></system-err>
</testsuite>
