<?xml version="1.0" encoding="UTF-8"?>
<testsuite name="com.pyryze.binance.um_futures.market.TestUMAggTrades" tests="5" skipped="0" failures="0" errors="0" timestamp="2026-01-02T11:25:30" hostname="localhost" time="0.18">
  <properties/>
  <testcase name="testAggTradesWithFromId()" classname="com.pyryze.binance.um_futures.market.TestUMAggTrades" time="0.033"/>
  <testcase name="testAggTradesWithLimit()" classname="com.pyryze.binance.um_futures.market.TestUMAggTrades" time="0.039"/>
  <testcase name="testAggTrades()" classname="com.pyryze.binance.um_futures.market.TestUMAggTrades" time="0.043"/>
  <testcase name="testAggTradesWithoutSymbol()" classname="com.pyryze.binance.um_futures.market.TestUMAggTrades" time="0.014"/>
  <testcase name="testAggTradesWithTimestamp()" classname="com.pyryze.binance.um_futures.market.TestUMAggTrades" time="0.042"/>
  <system-out><![CDATA[]]></system-out>
  <system-err><![CDATA[[Test worker] INFO com.pyryze.binance.connector.client.utils.RequestHandler - GET http://localhost:40189//fapi/v1/aggTrades?symbol=BNBUSDT&fromId=1000
[Test worker] INFO com.pyryze.binance.connector.client.utils.RequestHandler - GET http://localhost:56789//fapi/v1/aggTrades?symbol=BNBUSDT&limit=1000
[Test worker] INFO com.pyryze.binance.connector.client.utils.RequestHandler - GET http://localhost:39923//fapi/v1/aggTrades?symbol=BNBUSDT
[Test worker] INFO com.pyryze.binance.connector.client.utils.RequestHandler - GET http://localhost:46697//fapi/v1/aggTrades?symbol=BNBUSDT&startTime=1767353130816&endTime=1767353131816
]]></system-err>
</testsuite>
