<?xml version="1.0" encoding="UTF-8"?>
<testsuite name="com.pyryze.binance.um_futures.account.TestUMUserCommissionRate" tests="2" skipped="0" failures="0" errors="0" timestamp="2026-01-02T11:25:30" hostname="localhost" time="0.051">
  <properties/>
  <testcase name="testUserCommissionRateWithoutSymbol()" classname="com.pyryze.binance.um_futures.account.TestUMUserCommissionRate" time="0.013"/>
  <testcase name="testUserCommissionRate()" classname="com.pyryze.binance.um_futures.account.TestUMUserCommissionRate" time="0.036"/>
  <system-out><![CDATA[]]></system-out>
  <system-err><![CDATA[[Test worker] INFO com.pyryze.binance.connector.client.utils.RequestHandler - GET http://localhost:52053//fapi/v1/commissionRate?symbol=BNBUSDT&timestamp=1767353130561&signature=ace128c479e981a6eca511df8e968726a2e0859778a24291165f405f01b9d6bc
]]></system-err>
</testsuite>
