<?xml version="1.0" encoding="UTF-8"?>
<testsuite name="com.pyryze.binance.um_futures.market.TestUMExchangeInfo" tests="1" skipped="0" failures="0" errors="0" timestamp="2026-01-02T11:25:31" hostname="localhost" time="0.031">
  <properties/>
  <testcase name="testExchangeInfo()" classname="com.pyryze.binance.um_futures.market.TestUMExchangeInfo" time="0.031"/>
  <system-out><![CDATA[]]></system-out>
  <system-err><![CDATA[[Test worker] INFO com.pyryze.binance.connector.client.utils.RequestHandler - GET http://localhost:49287//fapi/v1/exchangeInfo
]]></system-err>
</testsuite>
