<?xml version="1.0" encoding="UTF-8"?>
<testsuite name="com.pyryze.binance.spot.trade.TestGetOcoOrders" tests="2" skipped="0" failures="0" errors="0" timestamp="2026-01-02T11:25:25" hostname="localhost" time="0.07">
  <properties/>
  <testcase name="testGetOcoOrdersWithParams()" classname="com.pyryze.binance.spot.trade.TestGetOcoOrders" time="0.039"/>
  <testcase name="testGetOcoOrdersWithoutParams()" classname="com.pyryze.binance.spot.trade.TestGetOcoOrders" time="0.028"/>
  <system-out><![CDATA[]]></system-out>
  <system-err><![CDATA[[Test worker] INFO com.pyryze.binance.connector.client.utils.RequestHandler - GET http://localhost:49263//api/v3/allOrderList?fromId=123&startTime=1767353125987&endTime=1767353126987&limit=10&timestamp=1767353126002&signature=9c8e6adb6269c2da7c0137e45e7409f775f958d4da41884bc653267435b95bed
[Test worker] INFO com.pyryze.binance.connector.client.utils.RequestHandler - GET http://localhost:55769//api/v3/allOrderList?timestamp=1767353126041&signature=cbfef50139477fdfc80e1bf29e435d7b3feea8e37d7a2be55c92fc219d96e980
]]></system-err>
</testsuite>
