<?xml version="1.0" encoding="UTF-8"?>
<testsuite name="com.pyryze.binance.um_futures.account.TestUMChangeMarginType" tests="2" skipped="0" failures="0" errors="0" timestamp="2026-01-02T11:25:29" hostname="localhost" time="0.056">
  <properties/>
  <testcase name="testChangeMarginTypeWithoutParameters()" classname="com.pyryze.binance.um_futures.account.TestUMChangeMarginType" time="0.017"/>
  <testcase name="testChangeMarginType()" classname="com.pyryze.binance.um_futures.account.TestUMChangeMarginType" time="0.036"/>
  <system-out><![CDATA[]]></system-out>
  <system-err><![CDATA[[Test worker] INFO com.pyryze.binance.connector.client.utils.RequestHandler - POST http://localhost:33089//fapi/v1/marginType?symbol=BNBUSDT&marginType=CROSSED&timestamp=1767353129161&signature=03acd53fcb39fa29a3ebd534e3bc8093ce9d32bb050c0c66119de8d0cabc8f26
]]></system-err>
</testsuite>
