<?xml version="1.0" encoding="UTF-8"?>
<testsuite name="com.pyryze.binance.spot.futures.TestRepayHistory" tests="1" skipped="0" failures="0" errors="0" timestamp="2026-01-02T11:25:20" hostname="localhost" time="0.034">
  <properties/>
  <testcase name="testRepayHistory()" classname="com.pyryze.binance.spot.futures.TestRepayHistory" time="0.034"/>
  <system-out><![CDATA[]]></system-out>
  <system-err><![CDATA[[Test worker] INFO com.pyryze.binance.connector.client.utils.RequestHandler - GET http://localhost:43133//sapi/v1/futures/loan/repay/history?timestamp=1767353120859&signature=3f2df91848afce560897e5df53224c8897fef30c00a6be22361c41c4e00cefd9
]]></system-err>
</testsuite>
