<?xml version="1.0" encoding="UTF-8"?>
<testsuite name="com.pyryze.binance.spot.trade.TestGetOpenOcoOrders" tests="1" skipped="0" failures="0" errors="0" timestamp="2026-01-02T11:25:26" hostname="localhost" time="0.035">
  <properties/>
  <testcase name="testGetOpenOcoOrdersWithParams()" classname="com.pyryze.binance.spot.trade.TestGetOpenOcoOrders" time="0.035"/>
  <system-out><![CDATA[]]></system-out>
  <system-err><![CDATA[[Test worker] INFO com.pyryze.binance.connector.client.utils.RequestHandler - GET http://localhost:38447//api/v3/openOrderList?recvWindow=1000&timestamp=1767353126081&signature=f1468b977d489b0f0700cadbcbf90f5f610297cf01e238627a1a3003d930d018
]]></system-err>
</testsuite>
