<?xml version="1.0" encoding="UTF-8"?>
<testsuite name="com.pyryze.binance.spot.wallet.TestSystemStatus" tests="1" skipped="0" failures="0" errors="0" timestamp="2026-01-02T11:25:28" hostname="localhost" time="0.037">
  <properties/>
  <testcase name="testSystemStatus()" classname="com.pyryze.binance.spot.wallet.TestSystemStatus" time="0.037"/>
  <system-out><![CDATA[]]></system-out>
  <system-err><![CDATA[[Test worker] INFO com.pyryze.binance.connector.client.utils.RequestHandler - GET http://localhost:56443//sapi/v1/system/status
]]></system-err>
</testsuite>
