<?xml version="1.0" encoding="UTF-8"?>
<testsuite name="com.pyryze.binance.spot.margin.TestAsset" tests="2" skipped="0" failures="0" errors="0" timestamp="2026-01-02T11:25:21" hostname="localhost" time="0.049">
  <properties/>
  <testcase name="testAsset()" classname="com.pyryze.binance.spot.margin.TestAsset" time="0.029"/>
  <testcase name="testAssetWithoutParameters()" classname="com.pyryze.binance.spot.margin.TestAsset" time="0.017"/>
  <system-out><![CDATA[]]></system-out>
  <system-err><![CDATA[[Test worker] INFO com.pyryze.binance.connector.client.utils.RequestHandler - GET http://localhost:51521//sapi/v1/margin/asset?asset=BNB
]]></system-err>
</testsuite>
