<?xml version="1.0" encoding="UTF-8"?>
<testsuite name="com.pyryze.binance.spot.wallet.TestAssetDetail" tests="1" skipped="0" failures="0" errors="0" timestamp="2026-01-02T11:25:27" hostname="localhost" time="0.03">
  <properties/>
  <testcase name="testAssetDetail()" classname="com.pyryze.binance.spot.wallet.TestAssetDetail" time="0.03"/>
  <system-out><![CDATA[]]></system-out>
  <system-err><![CDATA[[Test worker] INFO com.pyryze.binance.connector.client.utils.RequestHandler - GET http://localhost:58131//sapi/v1/asset/assetDetail?timestamp=1767353127433&signature=98b061ad5d3b3a82e48a2774e9f8a3867712e8aef926a0510bed3516410aa215
]]></system-err>
</testsuite>
