<?xml version="1.0" encoding="UTF-8"?>
<testsuite name="com.pyryze.binance.um_futures.market.TestUMMultiAssetsModeIndex" tests="2" skipped="0" failures="0" errors="0" timestamp="2026-01-02T11:25:32" hostname="localhost" time="0.076">
  <properties/>
  <testcase name="testMultiAssetsModeIndexWithSymbol()" classname="com.pyryze.binance.um_futures.market.TestUMMultiAssetsModeIndex" time="0.036"/>
  <testcase name="testMultiAssetsModeIndexWithoutSymbol()" classname="com.pyryze.binance.um_futures.market.TestUMMultiAssetsModeIndex" time="0.038"/>
  <system-out><![CDATA[]]></system-out>
  <system-err><![CDATA[[Test worker] INFO com.pyryze.binance.connector.client.utils.RequestHandler - GET http://localhost:41395//fapi/v1/assetIndex?symbol=ADAUSD
[Test worker] INFO com.pyryze.binance.connector.client.utils.RequestHandler - GET http://localhost:58385//fapi/v1/assetIndex
]]></system-err>
</testsuite>
