<?xml version="1.0" encoding="UTF-8"?>
<testsuite name="com.pyryze.binance.spot.margin.TestCrossMarginTransfer" tests="2" skipped="0" failures="0" errors="0" timestamp="2026-01-02T11:25:21" hostname="localhost" time="0.057">
  <properties/>
  <testcase name="testCrossMarginTransfer()" classname="com.pyryze.binance.spot.margin.TestCrossMarginTransfer" time="0.037"/>
  <testcase name="testCrossMarginTransferWithoutParameters()" classname="com.pyryze.binance.spot.margin.TestCrossMarginTransfer" time="0.017"/>
  <system-out><![CDATA[]]></system-out>
  <system-err><![CDATA[[Test worker] INFO com.pyryze.binance.connector.client.utils.RequestHandler - POST http://localhost:51647//sapi/v1/margin/transfer?asset=BNB&amount=0.01&type=1&timestamp=1767353121430&signature=644ab9b7511363eb85e4c8a6f7e8bfd3963eb8e3e8877a52d6a05f4203272487
]]></system-err>
</testsuite>
