<?xml version="1.0" encoding="UTF-8"?>
<testsuite name="com.pyryze.binance.spot.trade.TestMyTrades" tests="2" skipped="0" failures="0" errors="0" timestamp="2026-01-02T11:25:26" hostname="localhost" time="0.049">
  <properties/>
  <testcase name="testMyTradesWithoutSymbol()" classname="com.pyryze.binance.spot.trade.TestMyTrades" time="0.014"/>
  <testcase name="testMyTrades()" classname="com.pyryze.binance.spot.trade.TestMyTrades" time="0.033"/>
  <system-out><![CDATA[]]></system-out>
  <system-err><![CDATA[[Test worker] INFO com.pyryze.binance.connector.client.utils.RequestHandler - GET http://localhost:50909//api/v3/myTrades?symbol=BNBUSDT&orderId=123&startTime=1767353126368&endTime=1767353127368&timestamp=1767353126380&signature=97f378fdb3a86b9ad08f87c5268948080ed03c1072c498d2cfac2bb508ecf96d
]]></system-err>
</testsuite>
