<?xml version="1.0" encoding="UTF-8"?>
<testsuite name="com.pyryze.binance.spot.userdata.TestExtendIsolatedMarginListenKey" tests="2" skipped="0" failures="0" errors="0" timestamp="2026-01-02T11:25:26" hostname="localhost" time="0.063">
  <properties/>
  <testcase name="testExtendIsolatedListenKeyWithoutParameters()" classname="com.pyryze.binance.spot.userdata.TestExtendIsolatedMarginListenKey" time="0.017"/>
  <testcase name="testExtendIsolatedListenKey()" classname="com.pyryze.binance.spot.userdata.TestExtendIsolatedMarginListenKey" time="0.043"/>
  <system-out><![CDATA[]]></system-out>
  <system-err><![CDATA[[Test worker] INFO com.pyryze.binance.connector.client.utils.RequestHandler - PUT http://localhost:51457//sapi/v1/userDataStream/isolated?symbol=BNBUSDT&listenKey=test
]]></system-err>
</testsuite>
