<?xml version="1.0" encoding="UTF-8"?>
<testsuite name="com.pyryze.binance.spot.trade.TestCancelReplace" tests="2" skipped="0" failures="0" errors="0" timestamp="2026-01-02T11:25:25" hostname="localhost" time="0.057">
  <properties/>
  <testcase name="testCancelReplace()" classname="com.pyryze.binance.spot.trade.TestCancelReplace" time="0.039"/>
  <testcase name="testCancelReplaceWithoutParameters()" classname="com.pyryze.binance.spot.trade.TestCancelReplace" time="0.015"/>
  <system-out><![CDATA[]]></system-out>
  <system-err><![CDATA[[Test worker] INFO com.pyryze.binance.connector.client.utils.RequestHandler - POST http://localhost:40651//api/v3/order/cancelReplace?symbol=BNBUSDT&side=BUY&type=MARKET&cancelReplaceMode=STOP_ON_FAILURE&quantity=0.01&timestamp=1767353125860&signature=b0a185132a592eb6eb83b573cea706895e36555c7f5ce3f58c97205e6b8a2a29
]]></system-err>
</testsuite>
