<?xml version="1.0" encoding="UTF-8"?>
<testsuite name="com.pyryze.binance.cm_futures.account.TestCMCancelOrder" tests="3" skipped="0" failures="0" errors="0" timestamp="2026-01-02T11:25:18" hostname="localhost" time="0.103">
  <properties/>
  <testcase name="testCancelOrderWithoutOrderId()" classname="com.pyryze.binance.cm_futures.account.TestCMCancelOrder" time="0.039"/>
  <testcase name="testCancelOrderWithoutSymbol()" classname="com.pyryze.binance.cm_futures.account.TestCMCancelOrder" time="0.017"/>
  <testcase name="testCancelOrder()" classname="com.pyryze.binance.cm_futures.account.TestCMCancelOrder" time="0.039"/>
  <system-out><![CDATA[]]></system-out>
  <system-err><![CDATA[[Test worker] INFO com.pyryze.binance.connector.client.utils.RequestHandler - DELETE http://localhost:56135//dapi/v1/order?symbol=BNBUSD_PERP&orderId=&timestamp=1767353118851&signature=628c938f3732f889b5614bd6da92b28f43e268a82dd003a89274c8ece1ed4358
[Test worker] INFO com.pyryze.binance.connector.client.utils.RequestHandler - DELETE http://localhost:56763//dapi/v1/order?symbol=BNBUSD_PERP&orderId=123&origClientOrderId=456&timestamp=1767353118913&signature=1774d7440662c5a7fb810596f1beb1fd46e0130fcc2fde4267cca856aeb54d92
]]></system-err>
</testsuite>
