<?xml version="1.0" encoding="UTF-8"?>
<testsuite name="com.pyryze.binance.spot.wallet.TestAccountSnapshot" tests="2" skipped="0" failures="0" errors="0" timestamp="2026-01-02T11:25:27" hostname="localhost" time="0.07">
  <properties/>
  <testcase name="testAccountSnapshotWithoutType()" classname="com.pyryze.binance.spot.wallet.TestAccountSnapshot" time="0.032"/>
  <testcase name="testAccountSnapshot()" classname="com.pyryze.binance.spot.wallet.TestAccountSnapshot" time="0.036"/>
  <system-out><![CDATA[]]></system-out>
  <system-err><![CDATA[[Test worker] INFO com.pyryze.binance.connector.client.utils.RequestHandler - GET http://localhost:38335//sapi/v1/accountSnapshot?type=SPOT&timestamp=1767353127225&signature=1f5766d770250fea841a455f7200caa522f0dd70a1ea3ddc0026464e90b24d87
]]></system-err>
</testsuite>
