<?xml version="1.0" encoding="UTF-8"?>
<testsuite name="com.pyryze.binance.spot.portfoliomargin.TestBankruptcyLoanRecord" tests="1" skipped="0" failures="0" errors="0" timestamp="2026-01-02T11:25:23" hostname="localhost" time="0.041">
  <properties/>
  <testcase name="testBankruptcyLoanRecord()" classname="com.pyryze.binance.spot.portfoliomargin.TestBankruptcyLoanRecord" time="0.041"/>
  <system-out><![CDATA[]]></system-out>
  <system-err><![CDATA[[Test worker] INFO com.pyryze.binance.connector.client.utils.RequestHandler - GET http://localhost:33587//sapi/v1/portfolio/pmLoan?timestamp=1767353123314&signature=bf5b76666ce68d4d209302e3584c3a0b286c38adcc442f54d8ad7690e282d59f
]]></system-err>
</testsuite>
