<?xml version="1.0" encoding="UTF-8"?>
<testsuite name="com.pyryze.binance.TestResponseHandler" tests="8" skipped="0" failures="0" errors="0" timestamp="2026-01-02T11:25:17" hostname="localhost" time="0.669">
  <properties/>
  <testcase name="[1] com.pyryze.binance.TestResponseHandler$$Lambda/0x0000000101328000@517a2b0" classname="com.pyryze.binance.TestResponseHandler" time="0.262"/>
  <testcase name="[2] com.pyryze.binance.TestResponseHandler$$Lambda/0x0000000101328448@4f9a6c2d" classname="com.pyryze.binance.TestResponseHandler" time="0.088"/>
  <testcase name="[1] com.pyryze.binance.TestResponseHandler$$Lambda/0x0000000101328000@517a2b0" classname="com.pyryze.binance.TestResponseHandler" time="0.034"/>
  <testcase name="[2] com.pyryze.binance.TestResponseHandler$$Lambda/0x0000000101328448@4f9a6c2d" classname="com.pyryze.binance.TestResponseHandler" time="0.041"/>
  <testcase name="[1] com.pyryze.binance.TestResponseHandler$$Lambda/0x0000000101328000@517a2b0" classname="com.pyryze.binance.TestResponseHandler" time="0.038"/>
  <testcase name="[2] com.pyryze.binance.TestResponseHandler$$Lambda/0x0000000101328448@4f9a6c2d" classname="com.pyryze.binance.TestResponseHandler" time="0.034"/>
  <testcase name="[1] com.pyryze.binance.TestResponseHandler$$Lambda/0x0000000101328000@517a2b0" classname="com.pyryze.binance.TestResponseHandler" time="0.037"/>
  <testcase name="[2] com.pyryze.binance.TestResponseHandler$$Lambda/0x0000000101328448@4f9a6c2d" classname="com.pyryze.binance.TestResponseHandler" time="0.036"/>
  <system-out><![CDATA[]]></system-out>
  <system-err><![CDATA[]]></system-err>
</testsuite>
