<?xml version="1.0" encoding="UTF-8"?>
<testsuite name="com.pyryze.binance.um_futures.market.TestUMFundingRateHistory" tests="2" skipped="0" failures="0" errors="0" timestamp="2026-01-02T11:25:31" hostname="localhost" time="0.082">
  <properties/>
  <testcase name="testFundingRateHistoryWithParameters()" classname="com.pyryze.binance.um_futures.market.TestUMFundingRateHistory" time="0.038"/>
  <testcase name="testFundingRateHistory()" classname="com.pyryze.binance.um_futures.market.TestUMFundingRateHistory" time="0.041"/>
  <system-out><![CDATA[]]></system-out>
  <system-err><![CDATA[[Test worker] INFO com.pyryze.binance.connector.client.utils.RequestHandler - GET http://localhost:37423//fapi/v1/fundingRate?symbol=BNBUSDT&limit=1000&startTime=1767353131190&endTime=1767353132190
[Test worker] INFO com.pyryze.binance.connector.client.utils.RequestHandler - GET http://localhost:46743//fapi/v1/fundingRate
]]></system-err>
</testsuite>
