<?xml version="1.0" encoding="UTF-8"?>
<testsuite name="com.pyryze.binance.um_futures.market.TestUMTrades" tests="3" skipped="0" failures="0" errors="0" timestamp="2026-01-02T11:25:33" hostname="localhost" time="0.084">
  <properties/>
  <testcase name="testTradesWithLimit()" classname="com.pyryze.binance.um_futures.market.TestUMTrades" time="0.032"/>
  <testcase name="testTradesWithoutSymbol()" classname="com.pyryze.binance.um_futures.market.TestUMTrades" time="0.017"/>
  <testcase name="testTrades()" classname="com.pyryze.binance.um_futures.market.TestUMTrades" time="0.031"/>
  <system-out><![CDATA[]]></system-out>
  <system-err><![CDATA[[Test worker] INFO com.pyryze.binance.connector.client.utils.RequestHandler - GET http://localhost:36729//fapi/v1/trades?symbol=BNBUSDT&limit=1000
[Test worker] INFO com.pyryze.binance.connector.client.utils.RequestHandler - GET http://localhost:40907//fapi/v1/trades?symbol=BNBUSDT
]]></system-err>
</testsuite>
