<?xml version="1.0" encoding="UTF-8"?>
<testsuite name="com.pyryze.binance.spot.margin.TestPriceIndex" tests="2" skipped="0" failures="0" errors="0" timestamp="2026-01-02T11:25:23" hostname="localhost" time="0.046">
  <properties/>
  <testcase name="testPriceIndexWithoutParameters()" classname="com.pyryze.binance.spot.margin.TestPriceIndex" time="0.014"/>
  <testcase name="testPriceIndex()" classname="com.pyryze.binance.spot.margin.TestPriceIndex" time="0.029"/>
  <system-out><![CDATA[]]></system-out>
  <system-err><![CDATA[[Test worker] INFO com.pyryze.binance.connector.client.utils.RequestHandler - GET http://localhost:46879//sapi/v1/margin/priceIndex?symbol=BNBUSDT
]]></system-err>
</testsuite>
