<?xml version="1.0" encoding="UTF-8"?>
<testsuite name="com.pyryze.binance.spot.wallet.TestWithdrawHistory" tests="1" skipped="0" failures="0" errors="0" timestamp="2026-01-02T11:25:28" hostname="localhost" time="0.039">
  <properties/>
  <testcase name="testWithdrawHistory()" classname="com.pyryze.binance.spot.wallet.TestWithdrawHistory" time="0.039"/>
  <system-out><![CDATA[]]></system-out>
  <system-err><![CDATA[[Test worker] INFO com.pyryze.binance.connector.client.utils.RequestHandler - GET http://localhost:60899//sapi/v1/capital/withdraw/history?timestamp=1767353128487&signature=f53809902823787083a0bccf497621d1eda4a95fed61bf936e91e3fc2d421e1d
]]></system-err>
</testsuite>
