<?xml version="1.0" encoding="UTF-8"?>
<testsuite name="com.pyryze.binance.um_futures.account.TestUMDownloadLinkForFuturesTransactionHistory" tests="2" skipped="0" failures="0" errors="0" timestamp="2026-01-02T11:25:29" hostname="localhost" time="0.049">
  <properties/>
  <testcase name="testDownloadLinkForFuturesTransactionHistoryWithParameters()" classname="com.pyryze.binance.um_futures.account.TestUMDownloadLinkForFuturesTransactionHistory" time="0.033"/>
  <testcase name="testDownloadLinkForFuturesTransactionHistoryWithoutParameters()" classname="com.pyryze.binance.um_futures.account.TestUMDownloadLinkForFuturesTransactionHistory" time="0.014"/>
  <system-out><![CDATA[]]></system-out>
  <system-err><![CDATA[[Test worker] INFO com.pyryze.binance.connector.client.utils.RequestHandler - GET http://localhost:58519//fapi/v1/income/asyn/id?downloadId=545923594199212032&timestamp=1767353129533&signature=c4c5fabe9f2ff44b33efd0ec4836c9a502dff261de843ce18fa8a7a4564db28a
]]></system-err>
</testsuite>
