<?xml version="1.0" encoding="UTF-8"?>
<testsuite name="com.pyryze.binance.spot.margin.TestInterestHistory" tests="1" skipped="0" failures="0" errors="0" timestamp="2026-01-02T11:25:22" hostname="localhost" time="0.039">
  <properties/>
  <testcase name="testInterestHistory()" classname="com.pyryze.binance.spot.margin.TestInterestHistory" time="0.039"/>
  <system-out><![CDATA[]]></system-out>
  <system-err><![CDATA[[Test worker] INFO com.pyryze.binance.connector.client.utils.RequestHandler - GET http://localhost:55105//sapi/v1/margin/interestHistory?asset=BNB&startTime=12345678&endTime=12345679&timestamp=1767353122164&signature=3fae96d9422bc21a114ef305537d0ddb697075d3af1c8c1dcd87d80b68342608
]]></system-err>
</testsuite>
