<?xml version="1.0" encoding="UTF-8"?>
<testsuite name="com.pyryze.binance.spot.trade.TestOcoOrder" tests="2" skipped="0" failures="0" errors="0" timestamp="2026-01-02T11:25:26" hostname="localhost" time="0.052">
  <properties/>
  <testcase name="testOcoOrderWithoutParameters()" classname="com.pyryze.binance.spot.trade.TestOcoOrder" time="0.014"/>
  <testcase name="testOcoOrder()" classname="com.pyryze.binance.spot.trade.TestOcoOrder" time="0.036"/>
  <system-out><![CDATA[]]></system-out>
  <system-err><![CDATA[[Test worker] INFO com.pyryze.binance.connector.client.utils.RequestHandler - POST http://localhost:54325//api/v3/order/oco?symbol=BNBUSDT&side=SELL&price=9500&quantity=0.01&stopPrice=7500&timestamp=1767353126548&signature=c12c4035462a6340e5d582501c019c0ab6ea1f16353fd8e1d0e09a91c0e90678
]]></system-err>
</testsuite>
