<?xml version="1.0" encoding="UTF-8"?>
<testsuite name="com.pyryze.binance.um_futures.userdata.TestUMCloseListenKey" tests="1" skipped="0" failures="0" errors="0" timestamp="2026-01-02T11:25:33" hostname="localhost" time="0.037">
  <properties/>
  <testcase name="testCloseListenKey()" classname="com.pyryze.binance.um_futures.userdata.TestUMCloseListenKey" time="0.037"/>
  <system-out><![CDATA[]]></system-out>
  <system-err><![CDATA[[Test worker] INFO com.pyryze.binance.connector.client.utils.RequestHandler - DELETE http://localhost:52431//fapi/v1/listenKey
]]></system-err>
</testsuite>
