<?xml version="1.0" encoding="UTF-8"?>
<testsuite name="com.pyryze.binance.TestJSONParser" tests="4" skipped="0" failures="0" errors="0" timestamp="2026-01-02T11:25:16" hostname="localhost" time="0.104">
  <properties/>
  <testcase name="testGetJSONIntValue()" classname="com.pyryze.binance.TestJSONParser" time="0.043"/>
  <testcase name="testGetJSONStringValueThrowException()" classname="com.pyryze.binance.TestJSONParser" time="0.02"/>
  <testcase name="testGetJSONIntValueThrowException()" classname="com.pyryze.binance.TestJSONParser" time="0.012"/>
  <testcase name="testGetJSONStringValue()" classname="com.pyryze.binance.TestJSONParser" time="0.01"/>
  <system-out><![CDATA[]]></system-out>
  <system-err><![CDATA[]]></system-err>
</testsuite>
