<?xml version="1.0" encoding="UTF-8"?>
<testsuite name="com.pyryze.binance.um_futures.market.TestUMMarkPriceKlines" tests="4" skipped="0" failures="0" errors="0" timestamp="2026-01-02T11:25:32" hostname="localhost" time="0.122">
  <properties/>
  <testcase name="testMarkPriceKlinesWithoutSymbol()" classname="com.pyryze.binance.um_futures.market.TestUMMarkPriceKlines" time="0.018"/>
  <testcase name="testMarkPriceKlinesWithParameters()" classname="com.pyryze.binance.um_futures.market.TestUMMarkPriceKlines" time="0.046"/>
  <testcase name="testMarkPriceKlinesWithoutInterval()" classname="com.pyryze.binance.um_futures.market.TestUMMarkPriceKlines" time="0.018"/>
  <testcase name="testMarkPriceKlines()" classname="com.pyryze.binance.um_futures.market.TestUMMarkPriceKlines" time="0.034"/>
  <system-out><![CDATA[]]></system-out>
  <system-err><![CDATA[[Test worker] INFO com.pyryze.binance.connector.client.utils.RequestHandler - GET http://localhost:37805//fapi/v1/markPriceKlines?symbol=BNBUSDT&interval=1m&limit=1000&startTime=1767353132123&endTime=1767353133123
[Test worker] INFO com.pyryze.binance.connector.client.utils.RequestHandler - GET http://localhost:51349//fapi/v1/markPriceKlines?symbol=BNBUSDT&interval=1m
]]></system-err>
</testsuite>
