<?xml version="1.0" encoding="UTF-8"?>
<testsuite name="com.pyryze.binance.spot.margin.TestAllPairs" tests="1" skipped="0" failures="0" errors="0" timestamp="2026-01-02T11:25:20" hostname="localhost" time="0.026">
  <properties/>
  <testcase name="testAllPairs()" classname="com.pyryze.binance.spot.margin.TestAllPairs" time="0.026"/>
  <system-out><![CDATA[]]></system-out>
  <system-err><![CDATA[[Test worker] INFO com.pyryze.binance.connector.client.utils.RequestHandler - GET http://localhost:59031//sapi/v1/margin/allPairs
]]></system-err>
</testsuite>
