<?xml version="1.0" encoding="UTF-8"?>
<testsuite name="com.binance.cm_futures.account.TestCMAccountInformation" tests="1" skipped="0" failures="0" errors="0" timestamp="2026-01-02T11:25:04" hostname="localhost" time="12.195">
  <properties/>
  <testcase name="testAccountInformation()" classname="com.binance.cm_futures.account.TestCMAccountInformation" time="12.195"/>
  <system-out><![CDATA[]]></system-out>
  <system-err><![CDATA[WARNING: A Java agent has been loaded dynamically (/home/userland/.gradle/caches/modules-2/files-2.1/net.bytebuddy/byte-buddy-agent/1.14.12/be4984cb6fd1ef1d11f218a648889dfda44b8a15/byte-buddy-agent-1.14.12.jar)
WARNING: If a serviceability tool is in use, please run with -XX:+EnableDynamicAgentLoading to hide this warning
WARNING: If a serviceability tool is not in use, please run with -Djdk.instrument.traceUsage for more information
WARNING: Dynamic loading of agents will be disallowed by default in a future release
SLF4J(I): Connected with provider of type [org.slf4j.simple.SimpleServiceProvider]
[Test worker] INFO com.pyryze.binance.connector.client.utils.RequestHandler - GET http://localhost:47981//dapi/v1/account?timestamp=1767353112985&signature=9b641bdc4aa7e38930545698c81f4323f2af0eb331c805e776cf024981add3c6
]]></system-err>
</testsuite>
