<?xml version="1.0" encoding="UTF-8"?>
<testsuite name="com.pyryze.binance.spot.subaccount.TestMangedSubDeposit" tests="2" skipped="0" failures="0" errors="0" timestamp="2026-01-02T11:25:24" hostname="localhost" time="0.047">
  <properties/>
  <testcase name="testManagedSubDepositWithoutParameters()" classname="com.pyryze.binance.spot.subaccount.TestMangedSubDeposit" time="0.014"/>
  <testcase name="testManagedSubWithdraw()" classname="com.pyryze.binance.spot.subaccount.TestMangedSubDeposit" time="0.03"/>
  <system-out><![CDATA[]]></system-out>
  <system-err><![CDATA[[Test worker] INFO com.pyryze.binance.connector.client.utils.RequestHandler - POST http://localhost:40675//sapi/v1/managed-subaccount/deposit?toEmail=alice%40test.com&asset=BNB&amount=0.1&timestamp=1767353124374&signature=be1dbf8059446d9265f68e2c44d46a0ded1e59d7f555f7fa3cd7115b5574c761
]]></system-err>
</testsuite>
