<?xml version="1.0" encoding="UTF-8"?>
<testsuite name="com.pyryze.binance.spot.futures.TestFuturesTransferHistory" tests="2" skipped="0" failures="0" errors="0" timestamp="2026-01-02T11:25:20" hostname="localhost" time="0.057">
  <properties/>
  <testcase name="testFuturesTransferHistoryWithoutParameters()" classname="com.pyryze.binance.spot.futures.TestFuturesTransferHistory" time="0.017"/>
  <testcase name="testFuturesTransferHistory()" classname="com.pyryze.binance.spot.futures.TestFuturesTransferHistory" time="0.036"/>
  <system-out><![CDATA[]]></system-out>
  <system-err><![CDATA[[Test worker] INFO com.pyryze.binance.connector.client.utils.RequestHandler - GET http://localhost:49747//sapi/v1/futures/transfer?asset=USDT&startTime=12345678&timestamp=1767353120673&signature=75a44275fbb0424491b220b7bad1ad9d7dfbcf4addaa5044c52c3ec4c221705b
]]></system-err>
</testsuite>
