<?xml version="1.0" encoding="UTF-8"?>
<testsuite name="com.pyryze.binance.spot.margin.TestRepay" tests="2" skipped="0" failures="0" errors="0" timestamp="2026-01-02T11:25:23" hostname="localhost" time="0.047">
  <properties/>
  <testcase name="testRepay()" classname="com.pyryze.binance.spot.margin.TestRepay" time="0.032"/>
  <testcase name="testRepayWithoutParameters()" classname="com.pyryze.binance.spot.margin.TestRepay" time="0.012"/>
  <system-out><![CDATA[]]></system-out>
  <system-err><![CDATA[[Test worker] INFO com.pyryze.binance.connector.client.utils.RequestHandler - POST http://localhost:39201//sapi/v1/margin/repay?asset=BNB&amount=0.1&timestamp=1767353123073&signature=eed2fb36cfdc02203405ae3560190dd65d0df5b31f2cc824044b2ca7da2cd9bf
]]></system-err>
</testsuite>
