<?xml version="1.0" encoding="UTF-8"?>
<testsuite name="com.pyryze.binance.um_futures.account.TestUMModifyIsolatedPositionMargin" tests="2" skipped="0" failures="0" errors="0" timestamp="2026-01-02T11:25:29" hostname="localhost" time="0.048">
  <properties/>
  <testcase name="testModifyIsolatedPositionMarginWithoutParameters()" classname="com.pyryze.binance.um_futures.account.TestUMModifyIsolatedPositionMargin" time="0.017"/>
  <testcase name="testModifyIsolatedPositionMargin()" classname="com.pyryze.binance.um_futures.account.TestUMModifyIsolatedPositionMargin" time="0.029"/>
  <system-out><![CDATA[]]></system-out>
  <system-err><![CDATA[[Test worker] INFO com.pyryze.binance.connector.client.utils.RequestHandler - POST http://localhost:36841//fapi/v1/positionMargin?symbol=BNBUSDT&amount=100.0&type=1&timestamp=1767353129837&signature=0eb9f0ec83dc8747203e283a1ab86705b35f4da167b5d66809027afcf317c1bd
]]></system-err>
</testsuite>
