<?xml version="1.0" encoding="UTF-8"?>
<testsuite name="com.pyryze.binance.spot.subaccount.TestQuerySubAccountSpotTransfer" tests="1" skipped="0" failures="0" errors="0" timestamp="2026-01-02T11:25:24" hostname="localhost" time="0.036">
  <properties/>
  <testcase name="testSpotSummary()" classname="com.pyryze.binance.spot.subaccount.TestQuerySubAccountSpotTransfer" time="0.036"/>
  <system-out><![CDATA[]]></system-out>
  <system-err><![CDATA[[Test worker] INFO com.pyryze.binance.connector.client.utils.RequestHandler - GET http://localhost:38639//sapi/v1/sub-account/sub/transfer/history?fromEmail=alice%40test.com&toEmail=bob%40test.com&startTime=100001&endTime=100002&page=1&limit=1&timestamp=1767353124615&signature=e495c81b310cd5fd047acfcc58df0dc2de39598e52a40a2f4e2b066f7e9c1b45
]]></system-err>
</testsuite>
