<?xml version="1.0" encoding="UTF-8"?>
<testsuite name="com.pyryze.binance.um_futures.account.TestUMNewOrder" tests="2" skipped="0" failures="0" errors="0" timestamp="2026-01-02T11:25:29" hostname="localhost" time="0.052">
  <properties/>
  <testcase name="testNewOrderWithoutParameters()" classname="com.pyryze.binance.um_futures.account.TestUMNewOrder" time="0.015"/>
  <testcase name="testNewOrder()" classname="com.pyryze.binance.um_futures.account.TestUMNewOrder" time="0.035"/>
  <system-out><![CDATA[]]></system-out>
  <system-err><![CDATA[[Test worker] INFO com.pyryze.binance.connector.client.utils.RequestHandler - POST http://localhost:55239//fapi/v1/order?symbol=BNBUSDT&side=BUY&type=MARKET&quantity=0.01&timestamp=1767353129891&signature=8fc198bde8a65a539cc05bac710200df436c35731664b0aa6c9b895458078ef2
]]></system-err>
</testsuite>
