<?xml version="1.0" encoding="UTF-8"?>
<testsuite name="com.pyryze.binance.spot.margin.TestIsolatedSymbol" tests="2" skipped="0" failures="0" errors="0" timestamp="2026-01-02T11:25:22" hostname="localhost" time="0.048">
  <properties/>
  <testcase name="testIsolatedSymbol()" classname="com.pyryze.binance.spot.margin.TestIsolatedSymbol" time="0.032"/>
  <testcase name="testIsolatedSymbolWithoutParameters()" classname="com.pyryze.binance.spot.margin.TestIsolatedSymbol" time="0.013"/>
  <system-out><![CDATA[]]></system-out>
  <system-err><![CDATA[[Test worker] INFO com.pyryze.binance.connector.client.utils.RequestHandler - GET http://localhost:35637//sapi/v1/margin/isolated/pair?symbol=BNBUSDT&timestamp=1767353122472&signature=0a5013ace972efedbe37e249dbc2f4664b9a348504abf2a9a1dd4544441f5ffb
]]></system-err>
</testsuite>
