<?xml version="1.0" encoding="UTF-8"?>
<testsuite name="com.pyryze.binance.cm_futures.account.TestCMCurrentAllOpenOrders" tests="2" skipped="0" failures="0" errors="0" timestamp="2026-01-02T11:25:19" hostname="localhost" time="0.068">
  <properties/>
  <testcase name="testCurrentAllOpenOrders()" classname="com.pyryze.binance.cm_futures.account.TestCMCurrentAllOpenOrders" time="0.034"/>
  <testcase name="testCurrentAllOpenOrdersWithoutSymbol()" classname="com.pyryze.binance.cm_futures.account.TestCMCurrentAllOpenOrders" time="0.03"/>
  <system-out><![CDATA[]]></system-out>
  <system-err><![CDATA[[Test worker] INFO com.pyryze.binance.connector.client.utils.RequestHandler - GET http://localhost:37527//dapi/v1/openOrders?symbol=BNBUSDT&timestamp=1767353119088&signature=6b6bab852992ce712cd94296c280e2c675c5311b7af716b05ee53603fca26d75
[Test worker] INFO com.pyryze.binance.connector.client.utils.RequestHandler - GET http://localhost:39671//dapi/v1/openOrders?timestamp=1767353119127&signature=075617adc0e544bf041eaefbc89b767d54889103694a8c0a575f95d8ccc59811
]]></system-err>
</testsuite>
