<?xml version="1.0" encoding="UTF-8"?>
<testsuite name="com.pyryze.binance.websocketapi.TestWebSocketApiRequestHandler" tests="5" skipped="0" failures="0" errors="0" timestamp="2026-01-02T11:25:33" hostname="localhost" time="0.06">
  <properties/>
  <testcase name="testPublicRequestWithoutMandatoryParams()" classname="com.pyryze.binance.websocketapi.TestWebSocketApiRequestHandler" time="0.017"/>
  <testcase name="testApiRequestWithoutMandatoryParams()" classname="com.pyryze.binance.websocketapi.TestWebSocketApiRequestHandler" time="0.01"/>
  <testcase name="testRequestWithInvalidRequestId()" classname="com.pyryze.binance.websocketapi.TestWebSocketApiRequestHandler" time="0.008"/>
  <testcase name="testRequestWithoutWebSocketConnection()" classname="com.pyryze.binance.websocketapi.TestWebSocketApiRequestHandler" time="0.005"/>
  <testcase name="testSignedRequestWithoutMandatoryParams()" classname="com.pyryze.binance.websocketapi.TestWebSocketApiRequestHandler" time="0.01"/>
  <system-out><![CDATA[]]></system-out>
  <system-err><![CDATA[[OkHttp https://ws-api.binance.com/...] ERROR com.pyryze.binance.connector.client.utils.WebSocketConnection - [Connection 3] Failure
java.net.UnknownHostException: ws-api.binance.com: Temporary failure in name resolution
	at java.base/java.net.Inet4AddressImpl.lookupAllHostAddr(Native Method)
	at java.base/java.net.Inet4AddressImpl.lookupAllHostAddr(Inet4AddressImpl.java:43)
	at java.base/java.net.InetAddress$PlatformResolver.lookupByName(InetAddress.java:1211)
	at java.base/java.net.InetAddress.getAddressesFromNameService(InetAddress.java:1828)
	at java.base/java.net.InetAddress$NameServiceAddresses.get(InetAddress.java:1139)
	at java.base/java.net.InetAddress.getAllByName0(InetAddress.java:1818)
	at java.base/java.net.InetAddress.getAllByName(InetAddress.java:1688)
	at okhttp3.Dns$Companion$DnsSystem.lookup(Dns.kt:49)
	at okhttp3.internal.connection.RouteSelector.resetNextInetSocketAddress(RouteSelector.kt:164)
	at okhttp3.internal.connection.RouteSelector.nextProxy(RouteSelector.kt:129)
	at okhttp3.internal.connection.RouteSelector.next(RouteSelector.kt:71)
	at okhttp3.internal.connection.ExchangeFinder.findConnection(ExchangeFinder.kt:205)
	at okhttp3.internal.connection.ExchangeFinder.findHealthyConnection(ExchangeFinder.kt:106)
	at okhttp3.internal.connection.ExchangeFinder.find(ExchangeFinder.kt:74)
	at okhttp3.internal.connection.RealCall.initExchange$okhttp(RealCall.kt:255)
	at okhttp3.internal.connection.ConnectInterceptor.intercept(ConnectInterceptor.kt:32)
	at okhttp3.internal.http.RealInterceptorChain.proceed(RealInterceptorChain.kt:109)
	at okhttp3.internal.cache.CacheInterceptor.intercept(CacheInterceptor.kt:95)
	at okhttp3.internal.http.RealInterceptorChain.proceed(RealInterceptorChain.kt:109)
	at okhttp3.internal.http.BridgeInterceptor.intercept(BridgeInterceptor.kt:83)
	at okhttp3.internal.http.RealInterceptorChain.proceed(RealInterceptorChain.kt:109)
	at okhttp3.internal.http.RetryAndFollowUpInterceptor.intercept(RetryAndFollowUpInterceptor.kt:76)
	at okhttp3.internal.http.RealInterceptorChain.proceed(RealInterceptorChain.kt:109)
	at okhttp3.internal.connection.RealCall.getResponseWithInterceptorChain$okhttp(RealCall.kt:201)
	at okhttp3.internal.connection.RealCall$AsyncCall.run(RealCall.kt:517)
	at java.base/java.util.concurrent.ThreadPoolExecutor.runWorker(ThreadPoolExecutor.java:1144)
	at java.base/java.util.concurrent.ThreadPoolExecutor$Worker.run(ThreadPoolExecutor.java:642)
	at java.base/java.lang.Thread.run(Thread.java:1583)
]]></system-err>
</testsuite>
