<?xml version="1.0" encoding="UTF-8"?>
<testsuite name="com.pyryze.binance.spot.margin.TestGetMarginOcoOpenOrders" tests="1" skipped="0" failures="0" errors="0" timestamp="2026-01-02T11:25:21" hostname="localhost" time="0.033">
  <properties/>
  <testcase name="testGetMarginOcoOpenOrders()" classname="com.pyryze.binance.spot.margin.TestGetMarginOcoOpenOrders" time="0.033"/>
  <system-out><![CDATA[]]></system-out>
  <system-err><![CDATA[[Test worker] INFO com.pyryze.binance.connector.client.utils.RequestHandler - GET http://localhost:58443//sapi/v1/margin/openOrderList?symbol=BNBUSDT&timestamp=1767353121975&signature=5b983f537fd183d5133bff9d4c56de01a990f9f5e35573f14f0aa105fe6ec00f
]]></system-err>
</testsuite>
