<?xml version="1.0" encoding="UTF-8"?>
<testsuite name="com.pyryze.binance.um_futures.account.TestUMQueryOrder" tests="4" skipped="0" failures="0" errors="0" timestamp="2026-01-02T11:25:30" hostname="localhost" time="0.115">
  <properties/>
  <testcase name="testQueryOrderWithoutSymbol()" classname="com.pyryze.binance.um_futures.account.TestUMQueryOrder" time="0.017"/>
  <testcase name="testQueryOrder()" classname="com.pyryze.binance.um_futures.account.TestUMQueryOrder" time="0.016"/>
  <testcase name="testQueryOrderWithOrderId()" classname="com.pyryze.binance.um_futures.account.TestUMQueryOrder" time="0.038"/>
  <testcase name="testQueryOrderWithOrigClientOrderId()" classname="com.pyryze.binance.um_futures.account.TestUMQueryOrder" time="0.038"/>
  <system-out><![CDATA[]]></system-out>
  <system-err><![CDATA[[Test worker] INFO com.pyryze.binance.connector.client.utils.RequestHandler - GET http://localhost:46871//fapi/v1/order?symbol=BNBUSDT&orderId=123&timestamp=1767353130464&signature=7ccc1a0ede11b2bb784b5155e8a22b43fb9fe4b33bea109561a14f40a4cde148
[Test worker] INFO com.pyryze.binance.connector.client.utils.RequestHandler - GET http://localhost:43743//fapi/v1/order?symbol=BNBUSDT&origClientOrderId=123&timestamp=1767353130505&signature=b40d567a4a77652789d59ec62c9be6897fd4b16b3d28b42f747ece3dd2df929b
]]></system-err>
</testsuite>
