<?xml version="1.0" encoding="UTF-8"?>
<testsuite name="com.pyryze.binance.um_futures.account.TestUMQuantitativeRulesIndicators" tests="2" skipped="0" failures="0" errors="0" timestamp="2026-01-02T11:25:30" hostname="localhost" time="0.076">
  <properties/>
  <testcase name="testQuantitativeRulesIndicatorsNoSymbol()" classname="com.pyryze.binance.um_futures.account.TestUMQuantitativeRulesIndicators" time="0.037"/>
  <testcase name="testQuantitativeRulesIndicators()" classname="com.pyryze.binance.um_futures.account.TestUMQuantitativeRulesIndicators" time="0.037"/>
  <system-out><![CDATA[]]></system-out>
  <system-err><![CDATA[[Test worker] INFO com.pyryze.binance.connector.client.utils.RequestHandler - GET http://localhost:53705//fapi/v1/apiTradingStatus?timestamp=1767353130232&signature=edf020c17c556ee16cbf1132579bbee05d93299105e6fd95072f31a0091bd90a
[Test worker] INFO com.pyryze.binance.connector.client.utils.RequestHandler - GET http://localhost:59963//fapi/v1/apiTradingStatus?symbol=BNBUSDT&timestamp=1767353130270&signature=238118e178200f5910129200aa939e7790476b7c2bd2d670a0694248f13fb599
]]></system-err>
</testsuite>
