<?xml version="1.0" encoding="UTF-8"?>
<testsuite name="com.pyryze.binance.spot.portfoliomargin.TestCollateralRate" tests="1" skipped="0" failures="0" errors="0" timestamp="2026-01-02T11:25:23" hostname="localhost" time="0.03">
  <properties/>
  <testcase name="testCollateralRate()" classname="com.pyryze.binance.spot.portfoliomargin.TestCollateralRate" time="0.03"/>
  <system-out><![CDATA[]]></system-out>
  <system-err><![CDATA[[Test worker] INFO com.pyryze.binance.connector.client.utils.RequestHandler - GET http://localhost:51141//sapi/v1/portfolio/collateralRate?timestamp=1767353123353&signature=f4f0f307961c299a6c595de06f091e87f28ccbb3fdf208f25ec67e8be9780139
]]></system-err>
</testsuite>
