<?xml version="1.0" encoding="UTF-8"?>
<testsuite name="com.pyryze.binance.spot.subaccount.TestSubAccountFuturesSummary" tests="1" skipped="0" failures="0" errors="0" timestamp="2026-01-02T11:25:24" hostname="localhost" time="0.036">
  <properties/>
  <testcase name="testFuturesSummary()" classname="com.pyryze.binance.spot.subaccount.TestSubAccountFuturesSummary" time="0.036"/>
  <system-out><![CDATA[]]></system-out>
  <system-err><![CDATA[[Test worker] INFO com.pyryze.binance.connector.client.utils.RequestHandler - GET http://localhost:57029//sapi/v1/sub-account/futures/accountSummary?timestamp=1767353124924&signature=b37c58d335a80709e93cdd6711dbedb9724e6f5eb64411c0d46575ea58708d75
]]></system-err>
</testsuite>
