<?xml version="1.0" encoding="UTF-8"?>
<testsuite name="com.pyryze.binance.cm_futures.account.TestCMAutoCancelAllOpenOrders" tests="2" skipped="0" failures="0" errors="0" timestamp="2026-01-02T11:25:18" hostname="localhost" time="0.069">
  <properties/>
  <testcase name="testAutoCancelAllOpenOrdersWithoutParameters()" classname="com.pyryze.binance.cm_futures.account.TestCMAutoCancelAllOpenOrders" time="0.014"/>
  <testcase name="testAutoCancelAllOpenOrders()" classname="com.pyryze.binance.cm_futures.account.TestCMAutoCancelAllOpenOrders" time="0.051"/>
  <system-out><![CDATA[]]></system-out>
  <system-err><![CDATA[[Test worker] INFO com.pyryze.binance.connector.client.utils.RequestHandler - POST http://localhost:56039//dapi/v1/countdownCancelAll?symbol=BNBUSDT&countdownTime=10000&timestamp=1767353118651&signature=bf4c4d5d413afd7ac91532d85e078d7227bcf964aea7a2f5aaced6e8c39e2b94
]]></system-err>
</testsuite>
