<?xml version="1.0" encoding="UTF-8"?>
<testsuite name="com.pyryze.binance.um_futures.account.TestUMAccountInformation" tests="1" skipped="0" failures="0" errors="0" timestamp="2026-01-02T11:25:28" hostname="localhost" time="0.135">
  <properties/>
  <testcase name="testAccountInformation()" classname="com.pyryze.binance.um_futures.account.TestUMAccountInformation" time="0.135"/>
  <system-out><![CDATA[]]></system-out>
  <system-err><![CDATA[[Test worker] INFO com.pyryze.binance.connector.client.utils.RequestHandler - GET http://localhost:47747//fapi/v3/account?timestamp=1767353128634&signature=b88d026e869af899aa2287c678c38c1f045b1fedd8631f0066590a6f69b4d451
]]></system-err>
</testsuite>
