<?xml version="1.0" encoding="UTF-8"?>
<testsuite name="com.pyryze.binance.um_futures.market.TestUMContinuousKlines" tests="4" skipped="0" failures="0" errors="0" timestamp="2026-01-02T11:25:30" hostname="localhost" time="0.111">
  <properties/>
  <testcase name="testContinuousKlines()" classname="com.pyryze.binance.um_futures.market.TestUMContinuousKlines" time="0.036"/>
  <testcase name="testContinuousKlinesWithParameters()" classname="com.pyryze.binance.um_futures.market.TestUMContinuousKlines" time="0.037"/>
  <testcase name="testContinuousKlinesWithoutpair()" classname="com.pyryze.binance.um_futures.market.TestUMContinuousKlines" time="0.018"/>
  <testcase name="testContinuousKlinesWithoutInterval()" classname="com.pyryze.binance.um_futures.market.TestUMContinuousKlines" time="0.013"/>
  <system-out><![CDATA[]]></system-out>
  <system-err><![CDATA[[Test worker] INFO com.pyryze.binance.connector.client.utils.RequestHandler - GET http://localhost:60685//fapi/v1/continuousKlines?pair=BNBUSDT&contractType=PERPETUAL&interval=1m
[Test worker] INFO com.pyryze.binance.connector.client.utils.RequestHandler - GET http://localhost:40943//fapi/v1/continuousKlines?pair=BNBUSDT&contractType=PERPETUAL&interval=1m&limit=1000&startTime=1767353130978&endTime=1767353131978
]]></system-err>
</testsuite>
