<?xml version="1.0" encoding="UTF-8"?>
<testsuite name="com.pyryze.binance.spot.userdata.TestCreateIsolatedMarginListenKey" tests="2" skipped="0" failures="0" errors="0" timestamp="2026-01-02T11:25:26" hostname="localhost" time="0.047">
  <properties/>
  <testcase name="testCreateIsolatedListenKeyWithoutParameters()" classname="com.pyryze.binance.spot.userdata.TestCreateIsolatedMarginListenKey" time="0.012"/>
  <testcase name="testCreateIsolatedListenKey()" classname="com.pyryze.binance.spot.userdata.TestCreateIsolatedMarginListenKey" time="0.033"/>
  <system-out><![CDATA[]]></system-out>
  <system-err><![CDATA[[Test worker] INFO com.pyryze.binance.connector.client.utils.RequestHandler - POST http://localhost:42823//sapi/v1/userDataStream/isolated?symbol=BNBUSDT&listenKey=test
]]></system-err>
</testsuite>
