<?xml version="1.0" encoding="UTF-8"?>
<testsuite name="com.pyryze.binance.spot.margin.TestMaxBorrow" tests="2" skipped="0" failures="0" errors="0" timestamp="2026-01-02T11:25:22" hostname="localhost" time="0.049">
  <properties/>
  <testcase name="testMaxBorrowWithoutParameters()" classname="com.pyryze.binance.spot.margin.TestMaxBorrow" time="0.014"/>
  <testcase name="testMaxBorrow()" classname="com.pyryze.binance.spot.margin.TestMaxBorrow" time="0.032"/>
  <system-out><![CDATA[]]></system-out>
  <system-err><![CDATA[[Test worker] INFO com.pyryze.binance.connector.client.utils.RequestHandler - GET http://localhost:36935//sapi/v1/margin/maxBorrowable?asset=BNB&timestamp=1767353122772&signature=cb60f97bfbea9cbe79e55704e79455fcba3c78b2e56e31d7530bcef2a704181f
]]></system-err>
</testsuite>
