<?xml version="1.0" encoding="UTF-8"?>
<testsuite name="com.pyryze.binance.um_futures.market.TestUMTicker24H" tests="2" skipped="0" failures="0" errors="0" timestamp="2026-01-02T11:25:32" hostname="localhost" time="0.065">
  <properties/>
  <testcase name="testTicker24HWithSymbol()" classname="com.pyryze.binance.um_futures.market.TestUMTicker24H" time="0.034"/>
  <testcase name="testTicker24HWithoutSymbol()" classname="com.pyryze.binance.um_futures.market.TestUMTicker24H" time="0.028"/>
  <system-out><![CDATA[]]></system-out>
  <system-err><![CDATA[[Test worker] INFO com.pyryze.binance.connector.client.utils.RequestHandler - GET http://localhost:51815//fapi/v1/ticker/24hr?symbol=BNBUSDT
[Test worker] INFO com.pyryze.binance.connector.client.utils.RequestHandler - GET http://localhost:47949//fapi/v1/ticker/24hr
]]></system-err>
</testsuite>
