<?xml version="1.0" encoding="UTF-8"?>
<testsuite name="com.pyryze.binance.spot.margin.TestIsolatedAccount" tests="1" skipped="0" failures="0" errors="0" timestamp="2026-01-02T11:25:22" hostname="localhost" time="0.033">
  <properties/>
  <testcase name="testIsolatedAccount()" classname="com.pyryze.binance.spot.margin.TestIsolatedAccount" time="0.033"/>
  <system-out><![CDATA[]]></system-out>
  <system-err><![CDATA[[Test worker] INFO com.pyryze.binance.connector.client.utils.RequestHandler - GET http://localhost:49739//sapi/v1/margin/isolated/account?symbols=BNBUSDT%2CBTCUSDT&endTime=12345679&timestamp=1767353122278&signature=052b492f264da2242507abf7f7efa577674f74d24bda5ceec3eb54224019af12
]]></system-err>
</testsuite>
