<?xml version="1.0" encoding="UTF-8"?>
<testsuite name="com.pyryze.binance.spot.wallet.TestBnbConvertibleAssets" tests="1" skipped="0" failures="0" errors="0" timestamp="2026-01-02T11:25:27" hostname="localhost" time="0.038">
  <properties/>
  <testcase name="testBnbConvertibleAssets()" classname="com.pyryze.binance.spot.wallet.TestBnbConvertibleAssets" time="0.038"/>
  <system-out><![CDATA[]]></system-out>
  <system-err><![CDATA[[Test worker] INFO com.pyryze.binance.connector.client.utils.RequestHandler - POST http://localhost:46607//sapi/v1/asset/dust-btc?timestamp=1767353127524&signature=bf97ace620440eae2de0264c79ba2a817978d6bf5778260afc25391217ba5adf
]]></system-err>
</testsuite>
