<?xml version="1.0" encoding="UTF-8"?>
<testsuite name="com.pyryze.binance.spot.margin.TestMarginPair" tests="2" skipped="0" failures="0" errors="0" timestamp="2026-01-02T11:25:22" hostname="localhost" time="0.051">
  <properties/>
  <testcase name="testMarginPairWithoutParameters()" classname="com.pyryze.binance.spot.margin.TestMarginPair" time="0.015"/>
  <testcase name="testMarginPair()" classname="com.pyryze.binance.spot.margin.TestMarginPair" time="0.032"/>
  <system-out><![CDATA[]]></system-out>
  <system-err><![CDATA[[Test worker] INFO com.pyryze.binance.connector.client.utils.RequestHandler - GET http://localhost:60365//sapi/v1/margin/pair?symbol=BNBUSDT
]]></system-err>
</testsuite>
