<?xml version="1.0" encoding="UTF-8"?>
<testsuite name="com.pyryze.binance.um_futures.market.TestUMTickerPrice" tests="2" skipped="0" failures="0" errors="0" timestamp="2026-01-02T11:25:32" hostname="localhost" time="0.061">
  <properties/>
  <testcase name="testTickerPriceWithoutSymbol()" classname="com.pyryze.binance.um_futures.market.TestUMTickerPrice" time="0.029"/>
  <testcase name="testTickerPriceWithSymbol()" classname="com.pyryze.binance.um_futures.market.TestUMTickerPrice" time="0.03"/>
  <system-out><![CDATA[]]></system-out>
  <system-err><![CDATA[[Test worker] INFO com.pyryze.binance.connector.client.utils.RequestHandler - GET http://localhost:43087//fapi/v1/ticker/price
[Test worker] INFO com.pyryze.binance.connector.client.utils.RequestHandler - GET http://localhost:37559//fapi/v1/ticker/price?symbol=BNBUSDT
]]></system-err>
</testsuite>
