<?xml version="1.0" encoding="UTF-8"?>
<testsuite name="com.pyryze.binance.spot.futures.TestBorrowHistory" tests="1" skipped="0" failures="0" errors="0" timestamp="2026-01-02T11:25:20" hostname="localhost" time="0.042">
  <properties/>
  <testcase name="testBorrowHistory()" classname="com.pyryze.binance.spot.futures.TestBorrowHistory" time="0.042"/>
  <system-out><![CDATA[]]></system-out>
  <system-err><![CDATA[[Test worker] INFO com.pyryze.binance.connector.client.utils.RequestHandler - GET http://localhost:43705//sapi/v1/futures/loan/borrow/history?timestamp=1767353120537&signature=709b801d76f49e740576efb2ac35f8793c97227c388d3422b5ca727a955aa37a
]]></system-err>
</testsuite>
