<?xml version="1.0" encoding="UTF-8"?>
<testsuite name="com.pyryze.binance.um_futures.userdata.TestUMExtendListenKey" tests="1" skipped="0" failures="0" errors="0" timestamp="2026-01-02T11:25:33" hostname="localhost" time="0.036">
  <properties/>
  <testcase name="testExtendListenKey()" classname="com.pyryze.binance.um_futures.userdata.TestUMExtendListenKey" time="0.036"/>
  <system-out><![CDATA[]]></system-out>
  <system-err><![CDATA[[Test worker] INFO com.pyryze.binance.connector.client.utils.RequestHandler - PUT http://localhost:44683//fapi/v1/listenKey
]]></system-err>
</testsuite>
