<?xml version="1.0" encoding="UTF-8"?>
<testsuite name="com.pyryze.binance.spot.userdata.TestCreateMarginListenKey" tests="1" skipped="0" failures="0" errors="0" timestamp="2026-01-02T11:25:26" hostname="localhost" time="0.036">
  <properties/>
  <testcase name="testCreateListenKey()" classname="com.pyryze.binance.spot.userdata.TestCreateMarginListenKey" time="0.036"/>
  <system-out><![CDATA[]]></system-out>
  <system-err><![CDATA[[Test worker] INFO com.pyryze.binance.connector.client.utils.RequestHandler - POST http://localhost:40609//sapi/v1/userDataStream
]]></system-err>
</testsuite>
