<?xml version="1.0" encoding="UTF-8"?>
<testsuite name="com.pyryze.binance.spot.wallet.TestQueryUniversalTransfer" tests="2" skipped="0" failures="0" errors="0" timestamp="2026-01-02T11:25:28" hostname="localhost" time="0.045">
  <properties/>
  <testcase name="testQueryUniversalTransfer()" classname="com.pyryze.binance.spot.wallet.TestQueryUniversalTransfer" time="0.028"/>
  <testcase name="testQueryUniversalTransferWithoutType()" classname="com.pyryze.binance.spot.wallet.TestQueryUniversalTransfer" time="0.014"/>
  <system-out><![CDATA[]]></system-out>
  <system-err><![CDATA[[Test worker] INFO com.pyryze.binance.connector.client.utils.RequestHandler - GET http://localhost:36817//sapi/v1/asset/transfer?type=UMFUTURE_MAIN&timestamp=1767353128209&signature=f86e9b6cc3c50730ac62e4c4c49fc3a3ad94d6bf2559e591305b75059ad4e3e5
]]></system-err>
</testsuite>
