<?xml version="1.0" encoding="UTF-8"?>
<testsuite name="com.pyryze.binance.spot.portfoliomargin.TestGetAccount" tests="1" skipped="0" failures="0" errors="0" timestamp="2026-01-02T11:25:23" hostname="localhost" time="0.031">
  <properties/>
  <testcase name="testGetAccount()" classname="com.pyryze.binance.spot.portfoliomargin.TestGetAccount" time="0.031"/>
  <system-out><![CDATA[]]></system-out>
  <system-err><![CDATA[[Test worker] INFO com.pyryze.binance.connector.client.utils.RequestHandler - GET http://localhost:48687//sapi/v1/portfolio/account?timestamp=1767353123393&signature=afc5f8edf8a2193d2e7ebfdf866595bb5466a41a198a1e619ce407cb322d3e07
]]></system-err>
</testsuite>
