<?xml version="1.0" encoding="UTF-8"?>
<testsuite name="com.pyryze.binance.spot.wallet.TestUniversalTransfer" tests="2" skipped="0" failures="0" errors="0" timestamp="2026-01-02T11:25:28" hostname="localhost" time="0.052">
  <properties/>
  <testcase name="testUniversalTransfer()" classname="com.pyryze.binance.spot.wallet.TestUniversalTransfer" time="0.034"/>
  <testcase name="testUniversalTransferWithoutParameters()" classname="com.pyryze.binance.spot.wallet.TestUniversalTransfer" time="0.015"/>
  <system-out><![CDATA[]]></system-out>
  <system-err><![CDATA[[Test worker] INFO com.pyryze.binance.connector.client.utils.RequestHandler - POST http://localhost:45685//sapi/v1/asset/transfer?type=UMFUTURE_MAIN&asset=BNB&amount=0.01&timestamp=1767353128346&signature=08f12c5d6d10daa6ffa8ae0637fe50f9253ce00000427181c9875a7aab833076
]]></system-err>
</testsuite>
