<?xml version="1.0" encoding="UTF-8"?>
<testsuite name="com.pyryze.binance.um_futures.account.TestUMAutoCancelAllOpenOrders" tests="2" skipped="0" failures="0" errors="0" timestamp="2026-01-02T11:25:28" hostname="localhost" time="0.055">
  <properties/>
  <testcase name="testAutoCancelAllOpenOrdersWithoutParameters()" classname="com.pyryze.binance.um_futures.account.TestUMAutoCancelAllOpenOrders" time="0.015"/>
  <testcase name="testAutoCancelAllOpenOrders()" classname="com.pyryze.binance.um_futures.account.TestUMAutoCancelAllOpenOrders" time="0.038"/>
  <system-out><![CDATA[]]></system-out>
  <system-err><![CDATA[[Test worker] INFO com.pyryze.binance.connector.client.utils.RequestHandler - POST http://localhost:47165//fapi/v1/countdownCancelAll?symbol=BNBUSDT&countdownTime=10000&timestamp=1767353128818&signature=7255d0dccce3f5179d257d53d769d7b410967ee26de9dc12e04c41cdc1b7c828
]]></system-err>
</testsuite>
