<?xml version="1.0" encoding="UTF-8"?>
<testsuite name="com.pyryze.binance.spot.margin.TestForceLiquidationRec" tests="1" skipped="0" failures="0" errors="0" timestamp="2026-01-02T11:25:21" hostname="localhost" time="0.041">
  <properties/>
  <testcase name="testForceLiquidationRec()" classname="com.pyryze.binance.spot.margin.TestForceLiquidationRec" time="0.041"/>
  <system-out><![CDATA[]]></system-out>
  <system-err><![CDATA[[Test worker] INFO com.pyryze.binance.connector.client.utils.RequestHandler - GET http://localhost:58297//sapi/v1/margin/forceLiquidationRec?startTime=12345678&endTime=12345679&timestamp=1767353121702&signature=7caf0f6f853cb029be0ee7aea47fa6a312dde1011e273168d96237305a4c8e64
]]></system-err>
</testsuite>
