<?xml version="1.0" encoding="UTF-8"?>
<testsuite name="com.pyryze.binance.spot.futures.TestAdjustCollateralHistory" tests="1" skipped="0" failures="0" errors="0" timestamp="2026-01-02T11:25:20" hostname="localhost" time="0.049">
  <properties/>
  <testcase name="testAdjustCollateralHistory()" classname="com.pyryze.binance.spot.futures.TestAdjustCollateralHistory" time="0.049"/>
  <system-out><![CDATA[]]></system-out>
  <system-err><![CDATA[[Test worker] INFO com.pyryze.binance.connector.client.utils.RequestHandler - GET http://localhost:58919//sapi/v1/futures/loan/adjustCollateral/history?timestamp=1767353120487&signature=fd445acc9ba484d15d3842fcca529de54e3d51bacf66a50d098e84e9c37f5dec
]]></system-err>
</testsuite>
