<?xml version="1.0" encoding="UTF-8"?>
<testsuite name="com.pyryze.binance.spot.wallet.TestApiPermission" tests="1" skipped="0" failures="0" errors="0" timestamp="2026-01-02T11:25:27" hostname="localhost" time="0.044">
  <properties/>
  <testcase name="testApiPermission()" classname="com.pyryze.binance.spot.wallet.TestApiPermission" time="0.044"/>
  <system-out><![CDATA[]]></system-out>
  <system-err><![CDATA[[Test worker] INFO com.pyryze.binance.connector.client.utils.RequestHandler - GET http://localhost:51819//sapi/v1/account/apiRestrictions?timestamp=1767353127335&signature=f9d78dde5bd808921ba768672e3ffc512602b8f0025374a48f57b643bf5ee49b
]]></system-err>
</testsuite>
