<?xml version="1.0" encoding="UTF-8"?>
<testsuite name="com.pyryze.binance.um_futures.account.TestUMCurrentAllOpenOrders" tests="2" skipped="0" failures="0" errors="0" timestamp="2026-01-02T11:25:29" hostname="localhost" time="0.074">
  <properties/>
  <testcase name="testCurrentAllOpenOrders()" classname="com.pyryze.binance.um_futures.account.TestUMCurrentAllOpenOrders" time="0.033"/>
  <testcase name="testCurrentAllOpenOrdersWithoutSymbol()" classname="com.pyryze.binance.um_futures.account.TestUMCurrentAllOpenOrders" time="0.039"/>
  <system-out><![CDATA[]]></system-out>
  <system-err><![CDATA[[Test worker] INFO com.pyryze.binance.connector.client.utils.RequestHandler - GET http://localhost:50469//fapi/v1/openOrders?symbol=BNBUSDT&timestamp=1767353129324&signature=ecfddf29ba59af38cab2ab0edb7023b391c376d9a75fcc51a188228319e716da
[Test worker] INFO com.pyryze.binance.connector.client.utils.RequestHandler - GET http://localhost:34745//fapi/v1/openOrders?timestamp=1767353129361&signature=4f7ca57f7e314fccaf1bc036cfb7ba91f236b833187f223f68d76b43144e3481
]]></system-err>
</testsuite>
