<?xml version="1.0" encoding="UTF-8"?>
<testsuite name="com.pyryze.binance.spot.margin.TestIsolatedMarginTier" tests="2" skipped="0" failures="0" errors="0" timestamp="2026-01-02T11:25:22" hostname="localhost" time="0.05">
  <properties/>
  <testcase name="testIsolatedMarginTier()" classname="com.pyryze.binance.spot.margin.TestIsolatedMarginTier" time="0.032"/>
  <testcase name="testIsolatedMarginTierWithoutParameters()" classname="com.pyryze.binance.spot.margin.TestIsolatedMarginTier" time="0.015"/>
  <system-out><![CDATA[]]></system-out>
  <system-err><![CDATA[[Test worker] INFO com.pyryze.binance.connector.client.utils.RequestHandler - GET http://localhost:44163//sapi/v1/margin/isolatedMarginTier?symbol=BNBUSDT&timestamp=1767353122412&signature=5dfd243ac279d59a5698eaf51683aa88e075eb83b2072fcf4121b29a2267d264
]]></system-err>
</testsuite>
