<?xml version="1.0" encoding="UTF-8"?>
<testsuite name="com.pyryze.binance.spot.wallet.TestAccountStatus" tests="1" skipped="0" failures="0" errors="0" timestamp="2026-01-02T11:25:27" hostname="localhost" time="0.053">
  <properties/>
  <testcase name="testAccountStatus()" classname="com.pyryze.binance.spot.wallet.TestAccountStatus" time="0.053"/>
  <system-out><![CDATA[]]></system-out>
  <system-err><![CDATA[[Test worker] INFO com.pyryze.binance.connector.client.utils.RequestHandler - GET http://localhost:47349//sapi/v1/account/status?timestamp=1767353127274&signature=72f281d0d3a75e267b7578efef9fb9800a33a6fd00f325a344217f17e2b036da
]]></system-err>
</testsuite>
