<?xml version="1.0" encoding="UTF-8"?>
<testsuite name="com.pyryze.binance.spot.trade.TestCancelOrder" tests="3" skipped="0" failures="0" errors="0" timestamp="2026-01-02T11:25:25" hostname="localhost" time="0.085">
  <properties/>
  <testcase name="testCancelOrderWithoutOrderId()" classname="com.pyryze.binance.spot.trade.TestCancelOrder" time="0.035"/>
  <testcase name="testCancelOrderWithoutSymbol()" classname="com.pyryze.binance.spot.trade.TestCancelOrder" time="0.013"/>
  <testcase name="testCancelOrder()" classname="com.pyryze.binance.spot.trade.TestCancelOrder" time="0.032"/>
  <system-out><![CDATA[]]></system-out>
  <system-err><![CDATA[[Test worker] INFO com.pyryze.binance.connector.client.utils.RequestHandler - DELETE http://localhost:48155//api/v3/order?symbol=BNBUSDT&orderId=&timestamp=1767353125768&signature=1eabbf0f5ba5b893e63634aa0ff1238da972f53e2473ab11e7dd1b401a3a53d6
[Test worker] INFO com.pyryze.binance.connector.client.utils.RequestHandler - DELETE http://localhost:58153//api/v3/order?symbol=BNBUSDT&orderId=123&origClientOrderId=456&timestamp=1767353125818&signature=e85552a590dbcbe2c53a1a214cb756bd50c307a8f7ed3c6a0aef43a2579669fe
]]></system-err>
</testsuite>
