<?xml version="1.0" encoding="UTF-8"?>
<testsuite name="com.pyryze.binance.spot.wallet.TestAssetDividend" tests="1" skipped="0" failures="0" errors="0" timestamp="2026-01-02T11:25:27" hostname="localhost" time="0.039">
  <properties/>
  <testcase name="testAssetDividend()" classname="com.pyryze.binance.spot.wallet.TestAssetDividend" time="0.039"/>
  <system-out><![CDATA[]]></system-out>
  <system-err><![CDATA[[Test worker] INFO com.pyryze.binance.connector.client.utils.RequestHandler - GET http://localhost:49641//sapi/v1/asset/assetDividend?asset=BNB&startTime=1591063000087&endTime=1591063000087&limit=10&timestamp=1767353127476&signature=4f24c90a0a94bb2a33f3de0666ce4348bdeaed06f283660a27197cde56757c60
]]></system-err>
</testsuite>
