<?xml version="1.0" encoding="UTF-8"?>
<testsuite name="com.pyryze.binance.spot.trade.TestGetOrder" tests="3" skipped="0" failures="0" errors="0" timestamp="2026-01-02T11:25:26" hostname="localhost" time="0.087">
  <properties/>
  <testcase name="testGetOrder()" classname="com.pyryze.binance.spot.trade.TestGetOrder" time="0.036"/>
  <testcase name="testGetOrderWithoutSymbol()" classname="com.pyryze.binance.spot.trade.TestGetOrder" time="0.013"/>
  <testcase name="testGetOrderWithoutOrderId()" classname="com.pyryze.binance.spot.trade.TestGetOrder" time="0.034"/>
  <system-out><![CDATA[]]></system-out>
  <system-err><![CDATA[[Test worker] INFO com.pyryze.binance.connector.client.utils.RequestHandler - GET http://localhost:41323//api/v3/order?symbol=BNBUSDT&orderId=123&origClientOrderId=456&timestamp=1767353126197&signature=74d6ab39e22a08e3ffca8fe800dd19b4b54caa6c5783998605406022424ce8c0
[Test worker] INFO com.pyryze.binance.connector.client.utils.RequestHandler - GET http://localhost:38555//api/v3/order?symbol=BNBUSDT&orderId=&timestamp=1767353126247&signature=f09e1585aa6181e31ea656012ca1e70101c48feda2e51649a70847094052a842
]]></system-err>
</testsuite>
