<?xml version="1.0" encoding="UTF-8"?>
<testsuite name="com.pyryze.binance.um_futures.market.TestUMHistoricalTrades" tests="4" skipped="0" failures="0" errors="0" timestamp="2026-01-02T11:25:31" hostname="localhost" time="0.11">
  <properties/>
  <testcase name="testTradesWithParameters()" classname="com.pyryze.binance.um_futures.market.TestUMHistoricalTrades" time="0.038"/>
  <testcase name="testHistoricalTradesWithoutMockData()" classname="com.pyryze.binance.um_futures.market.TestUMHistoricalTrades" time="0.017"/>
  <testcase name="testTradesWithoutSymbol()" classname="com.pyryze.binance.um_futures.market.TestUMHistoricalTrades" time="0.015"/>
  <testcase name="testHistoricalTrades()" classname="com.pyryze.binance.um_futures.market.TestUMHistoricalTrades" time="0.033"/>
  <system-out><![CDATA[]]></system-out>
  <system-err><![CDATA[[Test worker] INFO com.pyryze.binance.connector.client.utils.RequestHandler - GET http://localhost:40057//fapi/v1/historicalTrades?symbol=BNBUSDT&limit=1000&fromId=123
[Test worker] INFO com.pyryze.binance.connector.client.utils.RequestHandler - GET http://localhost:55289//fapi/v1/historicalTrades?symbol=BNBUSDT
]]></system-err>
</testsuite>
