<?xml version="1.0" encoding="UTF-8"?>
<testsuite name="com.pyryze.binance.um_futures.market.TestUMIndexInfo" tests="2" skipped="0" failures="0" errors="0" timestamp="2026-01-02T11:25:31" hostname="localhost" time="0.092">
  <properties/>
  <testcase name="testIndexInfoWithSymbol()" classname="com.pyryze.binance.um_futures.market.TestUMIndexInfo" time="0.042"/>
  <testcase name="testIndexInfoWithoutSymbol()" classname="com.pyryze.binance.um_futures.market.TestUMIndexInfo" time="0.048"/>
  <system-out><![CDATA[]]></system-out>
  <system-err><![CDATA[[Test worker] INFO com.pyryze.binance.connector.client.utils.RequestHandler - GET http://localhost:44465//fapi/v1/indexInfo?symbol=DEFIUSDT
[Test worker] INFO com.pyryze.binance.connector.client.utils.RequestHandler - GET http://localhost:42337//fapi/v1/indexInfo
]]></system-err>
</testsuite>
