<?xml version="1.0" encoding="UTF-8"?>
<testsuite name="com.pyryze.binance.spot.margin.TestTrades" tests="2" skipped="0" failures="0" errors="0" timestamp="2026-01-02T11:25:23" hostname="localhost" time="0.053">
  <properties/>
  <testcase name="testTradesWithoutParameters()" classname="com.pyryze.binance.spot.margin.TestTrades" time="0.013"/>
  <testcase name="testTrades()" classname="com.pyryze.binance.spot.margin.TestTrades" time="0.037"/>
  <system-out><![CDATA[]]></system-out>
  <system-err><![CDATA[[Test worker] INFO com.pyryze.binance.connector.client.utils.RequestHandler - GET http://localhost:53223//sapi/v1/margin/myTrades?symbol=BNBUSDT&timestamp=1767353123202&signature=079f233b2e7b59a870b1b9dfd0ed11c045ab41f38015e27f13d9ad18d519b511
]]></system-err>
</testsuite>
