<?xml version="1.0" encoding="UTF-8"?>
<testsuite name="com.pyryze.binance.cm_futures.account.TestCMAccountTradeList" tests="2" skipped="0" failures="0" errors="0" timestamp="2026-01-02T11:25:18" hostname="localhost" time="0.059">
  <properties/>
  <testcase name="testAccountTradeList()" classname="com.pyryze.binance.cm_futures.account.TestCMAccountTradeList" time="0.035"/>
  <testcase name="testAccountTradeListWithoutSymbol()" classname="com.pyryze.binance.cm_futures.account.TestCMAccountTradeList" time="0.017"/>
  <system-out><![CDATA[]]></system-out>
  <system-err><![CDATA[[Test worker] INFO com.pyryze.binance.connector.client.utils.RequestHandler - GET http://localhost:57955//dapi/v1/userTrades?symbol=bnbusd_perpetual&timestamp=1767353118497&signature=f0a8260c4ef35145b973b5bf573fa429e2268daa72b49e1c329a58959e39e543
]]></system-err>
</testsuite>
