<?xml version="1.0" encoding="UTF-8"?>
<testsuite name="com.pyryze.binance.spot.trade.TestGetOrders" tests="2" skipped="0" failures="0" errors="0" timestamp="2026-01-02T11:25:26" hostname="localhost" time="0.068">
  <properties/>
  <testcase name="testGetOrdersWithoutSymbol()" classname="com.pyryze.binance.spot.trade.TestGetOrders" time="0.016"/>
  <testcase name="testGetOrders()" classname="com.pyryze.binance.spot.trade.TestGetOrders" time="0.049"/>
  <system-out><![CDATA[]]></system-out>
  <system-err><![CDATA[[Test worker] INFO com.pyryze.binance.connector.client.utils.RequestHandler - GET http://localhost:52527//api/v3/allOrders?symbol=BNBUSDT&orderId=123&origClientOrderId=456&startTime=1767353126296&endTime=1767353127296&timestamp=1767353126325&signature=f990a67261a0d3fd8408bba93afe66736246cd287b40b9eea27f5f15a007dd32
]]></system-err>
</testsuite>
