<?xml version="1.0" encoding="UTF-8"?>
<testsuite name="com.pyryze.binance.um_futures.market.TestUMDepth" tests="3" skipped="0" failures="0" errors="0" timestamp="2026-01-02T11:25:31" hostname="localhost" time="0.089">
  <properties/>
  <testcase name="testDepthWithoutSymbol()" classname="com.pyryze.binance.um_futures.market.TestUMDepth" time="0.015"/>
  <testcase name="testDepth()" classname="com.pyryze.binance.um_futures.market.TestUMDepth" time="0.035"/>
  <testcase name="testDepthWithFixedLimit()" classname="com.pyryze.binance.um_futures.market.TestUMDepth" time="0.035"/>
  <system-out><![CDATA[]]></system-out>
  <system-err><![CDATA[[Test worker] INFO com.pyryze.binance.connector.client.utils.RequestHandler - GET http://localhost:49675//fapi/v1/depth?symbol=BNBUSDT
[Test worker] INFO com.pyryze.binance.connector.client.utils.RequestHandler - GET http://localhost:32783//fapi/v1/depth?symbol=BNBUSDT&limit=10
]]></system-err>
</testsuite>
