<?xml version="1.0" encoding="UTF-8"?>
<testsuite name="com.pyryze.binance.um_futures.account.TestUMGetLeverageBracket" tests="2" skipped="0" failures="0" errors="0" timestamp="2026-01-02T11:25:29" hostname="localhost" time="0.06">
  <properties/>
  <testcase name="testGetLeverageBracketWithSymbol()" classname="com.pyryze.binance.um_futures.account.TestUMGetLeverageBracket" time="0.03"/>
  <testcase name="testGetLeverageBracket()" classname="com.pyryze.binance.um_futures.account.TestUMGetLeverageBracket" time="0.028"/>
  <system-out><![CDATA[]]></system-out>
  <system-err><![CDATA[[Test worker] INFO com.pyryze.binance.connector.client.utils.RequestHandler - GET http://localhost:55849//fapi/v1/leverageBracket?symbol=BNBUSDT&timestamp=1767353129629&signature=54588ddea411705bb1a04673dd0e088134c9b6ccb8259f49dfbb612242082d0b
[Test worker] INFO com.pyryze.binance.connector.client.utils.RequestHandler - GET http://localhost:50431//fapi/v1/leverageBracket?timestamp=1767353129659&signature=e8fde922395159a43dcae335805a51abbb39a70beda6d01d363c3f31757e8b4b
]]></system-err>
</testsuite>
