<?xml version="1.0" encoding="UTF-8"?>
<testsuite name="com.pyryze.binance.spot.wallet.TestBusdConvertHistory" tests="3" skipped="0" failures="0" errors="0" timestamp="2026-01-02T11:25:27" hostname="localhost" time="0.079">
  <properties/>
  <testcase name="testBusdConverWithWrongParamType()" classname="com.pyryze.binance.spot.wallet.TestBusdConvertHistory" time="0.018"/>
  <testcase name="testBusdConvertHistory()" classname="com.pyryze.binance.spot.wallet.TestBusdConvertHistory" time="0.037"/>
  <testcase name="testBusdConverWithoutMandatoryParam()" classname="com.pyryze.binance.spot.wallet.TestBusdConvertHistory" time="0.017"/>
  <system-out><![CDATA[]]></system-out>
  <system-err><![CDATA[[Test worker] INFO com.pyryze.binance.connector.client.utils.RequestHandler - GET http://localhost:40593//sapi/v1/asset/convert-transfer/queryByPage?startTime=118263400000&endTime=118263407119&asset=USDC&size=20&timestamp=1767353127682&signature=0879d7d3984701ce1dabfd8156b847e83e06216a332f8658f2e5ffb27bc31929
]]></system-err>
</testsuite>
