<?xml version="1.0" encoding="UTF-8"?>
<testsuite name="com.pyryze.binance.spot.margin.TestGetMarginOpenOrders" tests="1" skipped="0" failures="0" errors="0" timestamp="2026-01-02T11:25:22" hostname="localhost" time="0.03">
  <properties/>
  <testcase name="testGetMarginOpenOrders()" classname="com.pyryze.binance.spot.margin.TestGetMarginOpenOrders" time="0.03"/>
  <system-out><![CDATA[]]></system-out>
  <system-err><![CDATA[[Test worker] INFO com.pyryze.binance.connector.client.utils.RequestHandler - GET http://localhost:56807//sapi/v1/margin/openOrders?symbol=BNBUSDT&timestamp=1767353122015&signature=72abaa5d83dc89b1e33a0a2c261dd8be17c073f500cb815910d5c72afb3348d0
]]></system-err>
</testsuite>
