<?xml version="1.0" encoding="UTF-8"?>
<testsuite name="com.pyryze.binance.cm_futures.account.TestCMUserCommissionRate" tests="2" skipped="0" failures="0" errors="0" timestamp="2026-01-02T11:25:20" hostname="localhost" time="0.057">
  <properties/>
  <testcase name="testUserCommissionRateWithoutSymbol()" classname="com.pyryze.binance.cm_futures.account.TestCMUserCommissionRate" time="0.017"/>
  <testcase name="testUserCommissionRate()" classname="com.pyryze.binance.cm_futures.account.TestCMUserCommissionRate" time="0.036"/>
  <system-out><![CDATA[]]></system-out>
  <system-err><![CDATA[[Test worker] INFO com.pyryze.binance.connector.client.utils.RequestHandler - GET http://localhost:49291//dapi/v1/commissionRate?symbol=BNBUSDT&timestamp=1767353120342&signature=6fdeb7024878863001d75bd7c24390f021f84472c59f6c3ea15bbb7307856b10
]]></system-err>
</testsuite>
