<?xml version="1.0" encoding="UTF-8"?>
<testsuite name="com.pyryze.binance.spot.userdata.TestExtendListenKey" tests="2" skipped="0" failures="0" errors="0" timestamp="2026-01-02T11:25:27" hostname="localhost" time="0.057">
  <properties/>
  <testcase name="testExtendListenKey()" classname="com.pyryze.binance.spot.userdata.TestExtendListenKey" time="0.039"/>
  <testcase name="testExtendListenKeyWithoutParameters()" classname="com.pyryze.binance.spot.userdata.TestExtendListenKey" time="0.016"/>
  <system-out><![CDATA[]]></system-out>
  <system-err><![CDATA[[Test worker] INFO com.pyryze.binance.connector.client.utils.RequestHandler - PUT http://localhost:58023//api/v3/userDataStream?listenKey=test
]]></system-err>
</testsuite>
