<?xml version="1.0" encoding="UTF-8"?>
<testsuite name="com.pyryze.binance.spot.userdata.TestCloseMarginListenKey" tests="2" skipped="0" failures="0" errors="0" timestamp="2026-01-02T11:25:26" hostname="localhost" time="0.05">
  <properties/>
  <testcase name="testCloseMarginListenKey()" classname="com.pyryze.binance.spot.userdata.TestCloseMarginListenKey" time="0.034"/>
  <testcase name="testCloseMarginListenKeyWithoutParameters()" classname="com.pyryze.binance.spot.userdata.TestCloseMarginListenKey" time="0.014"/>
  <system-out><![CDATA[]]></system-out>
  <system-err><![CDATA[[Test worker] INFO com.pyryze.binance.connector.client.utils.RequestHandler - DELETE http://localhost:52577//sapi/v1/userDataStream?listenKey=test
]]></system-err>
</testsuite>
