<?xml version="1.0" encoding="UTF-8"?>
<testsuite name="com.pyryze.binance.spot.subaccount.TestSubAccountDepositAddress" tests="2" skipped="0" failures="0" errors="0" timestamp="2026-01-02T11:25:24" hostname="localhost" time="0.048">
  <properties/>
  <testcase name="testDepositAdd()" classname="com.pyryze.binance.spot.subaccount.TestSubAccountDepositAddress" time="0.033"/>
  <testcase name="testDepositAddWithoutParameters()" classname="com.pyryze.binance.spot.subaccount.TestSubAccountDepositAddress" time="0.013"/>
  <system-out><![CDATA[]]></system-out>
  <system-err><![CDATA[[Test worker] INFO com.pyryze.binance.connector.client.utils.RequestHandler - GET http://localhost:49927//sapi/v1/capital/deposit/subAddress?email=alice%40test.com&coin=BNB&timestamp=1767353124698&signature=f4bd1eb202739a414c3a2e38d7a43230e23d47e1c1f21ea89ff8dc75e01952a9
]]></system-err>
</testsuite>
