<?xml version="1.0" encoding="UTF-8"?>
<testsuite name="com.pyryze.binance.um_futures.market.TestUMTopLongShortPositionRatio" tests="4" skipped="0" failures="0" errors="0" timestamp="2026-01-02T11:25:33" hostname="localhost" time="0.116">
  <properties/>
  <testcase name="testTopLongShortPositionRatioWithoutPeriod()" classname="com.pyryze.binance.um_futures.market.TestUMTopLongShortPositionRatio" time="0.015"/>
  <testcase name="testTopLongShortPositionRatioWithoutSymbol()" classname="com.pyryze.binance.um_futures.market.TestUMTopLongShortPositionRatio" time="0.019"/>
  <testcase name="testTopLongShortPositionRatio()" classname="com.pyryze.binance.um_futures.market.TestUMTopLongShortPositionRatio" time="0.043"/>
  <testcase name="testTopLongShortPositionRatioWithParameters()" classname="com.pyryze.binance.um_futures.market.TestUMTopLongShortPositionRatio" time="0.032"/>
  <system-out><![CDATA[]]></system-out>
  <system-err><![CDATA[[Test worker] INFO com.pyryze.binance.connector.client.utils.RequestHandler - GET http://localhost:52179//futures/data/topLongShortPositionRatio?symbol=BNBUSDT&period=5m
[Test worker] INFO com.pyryze.binance.connector.client.utils.RequestHandler - GET http://localhost:37241//futures/data/topLongShortPositionRatio?symbol=BNBUSDT&period=5m&limit=1000&startTime=1767353133132&endTime=1767353134132
]]></system-err>
</testsuite>
