<?xml version="1.0" encoding="UTF-8"?>
<testsuite name="com.pyryze.binance.spot.trade.TestCancelOpenOrders" tests="3" skipped="0" failures="0" errors="0" timestamp="2026-01-02T11:25:25" hostname="localhost" time="0.093">
  <properties/>
  <testcase name="testCancelOpenOrders()" classname="com.pyryze.binance.spot.trade.TestCancelOpenOrders" time="0.038"/>
  <testcase name="testCancelOpenOrdersWithoutSymbol()" classname="com.pyryze.binance.spot.trade.TestCancelOpenOrders" time="0.013"/>
  <testcase name="testCancelOpenOrdersWhenNoOpenOrders()" classname="com.pyryze.binance.spot.trade.TestCancelOpenOrders" time="0.037"/>
  <system-out><![CDATA[]]></system-out>
  <system-err><![CDATA[[Test worker] INFO com.pyryze.binance.connector.client.utils.RequestHandler - DELETE http://localhost:60277//api/v3/openOrders?symbol=BNBUSDT&timestamp=1767353125662&signature=1e32c7c59c198145203e14c3b599849df70320f016abaa55a00b8c42ae568f44
[Test worker] INFO com.pyryze.binance.connector.client.utils.RequestHandler - DELETE http://localhost:44029//api/v3/openOrders?symbol=ETHBTC&timestamp=1767353125723&signature=d059ca990fe255bfe94d7cbecb0547b75c4deb6c4d9fd839a0af7102c51a933c
]]></system-err>
</testsuite>
