<?xml version="1.0" encoding="UTF-8"?>
<testsuite name="com.pyryze.binance.spot.subaccount.TestSubAccountFuturesTransfer" tests="2" skipped="0" failures="0" errors="0" timestamp="2026-01-02T11:25:24" hostname="localhost" time="0.057">
  <properties/>
  <testcase name="testFuturesTrans()" classname="com.pyryze.binance.spot.subaccount.TestSubAccountFuturesTransfer" time="0.039"/>
  <testcase name="testFuturesTransWithoutParameters()" classname="com.pyryze.binance.spot.subaccount.TestSubAccountFuturesTransfer" time="0.015"/>
  <system-out><![CDATA[]]></system-out>
  <system-err><![CDATA[[Test worker] INFO com.pyryze.binance.connector.client.utils.RequestHandler - POST http://localhost:44693//sapi/v1/sub-account/futures/transfer?email=alice%40test.com&asset=BNB&amount=0.1&type=1&timestamp=1767353124971&signature=222f4569c5814c97cd7746611c20d5fab7f013a7e3ee62bdbf5de1c0db62b4f4
]]></system-err>
</testsuite>
