<?xml version="1.0" encoding="UTF-8"?>
<testsuite name="com.pyryze.binance.um_futures.market.TestUMPing" tests="1" skipped="0" failures="0" errors="0" timestamp="2026-01-02T11:25:32" hostname="localhost" time="0.062">
  <properties/>
  <testcase name="testPing()" classname="com.pyryze.binance.um_futures.market.TestUMPing" time="0.062"/>
  <system-out><![CDATA[]]></system-out>
  <system-err><![CDATA[[Test worker] INFO com.pyryze.binance.connector.client.utils.RequestHandler - GET http://localhost:43567//fapi/v1/ping
]]></system-err>
</testsuite>
