<?xml version="1.0" encoding="UTF-8"?>
<testsuite name="com.pyryze.binance.um_futures.market.TestUMKlines" tests="4" skipped="0" failures="0" errors="0" timestamp="2026-01-02T11:25:31" hostname="localhost" time="0.12">
  <properties/>
  <testcase name="testKlinesWithoutSymbol()" classname="com.pyryze.binance.um_futures.market.TestUMKlines" time="0.019"/>
  <testcase name="testKlinesWithoutInterval()" classname="com.pyryze.binance.um_futures.market.TestUMKlines" time="0.016"/>
  <testcase name="testKlinesWithParameters()" classname="com.pyryze.binance.um_futures.market.TestUMKlines" time="0.038"/>
  <testcase name="testKlines()" classname="com.pyryze.binance.um_futures.market.TestUMKlines" time="0.04"/>
  <system-out><![CDATA[]]></system-out>
  <system-err><![CDATA[[Test worker] INFO com.pyryze.binance.connector.client.utils.RequestHandler - GET http://localhost:49111//fapi/v1/klines?symbol=BNBUSDT&interval=1m&limit=1000&startTime=1767353131807&endTime=1767353132807
[Test worker] INFO com.pyryze.binance.connector.client.utils.RequestHandler - GET http://localhost:46335//fapi/v1/klines?symbol=BNBUSDT&interval=1m
]]></system-err>
</testsuite>
