<?xml version="1.0" encoding="UTF-8"?>
<testsuite name="com.pyryze.binance.um_futures.market.TestUMHistoricalBlvtKlines" tests="4" skipped="0" failures="0" errors="0" timestamp="2026-01-02T11:25:31" hostname="localhost" time="0.118">
  <properties/>
  <testcase name="testKlinesWithoutSymbol()" classname="com.pyryze.binance.um_futures.market.TestUMHistoricalBlvtKlines" time="0.015"/>
  <testcase name="testKlinesWithoutInterval()" classname="com.pyryze.binance.um_futures.market.TestUMHistoricalBlvtKlines" time="0.018"/>
  <testcase name="testKlinesWithParameters()" classname="com.pyryze.binance.um_futures.market.TestUMHistoricalBlvtKlines" time="0.043"/>
  <testcase name="testKlines()" classname="com.pyryze.binance.um_futures.market.TestUMHistoricalBlvtKlines" time="0.033"/>
  <system-out><![CDATA[]]></system-out>
  <system-err><![CDATA[[Test worker] INFO com.pyryze.binance.connector.client.utils.RequestHandler - GET http://localhost:49939//fapi/v1/lvtKlines?symbol=BTCDOWN&interval=1m&limit=1000&startTime=1767353131316&endTime=1767353132316
[Test worker] INFO com.pyryze.binance.connector.client.utils.RequestHandler - GET http://localhost:48475//fapi/v1/lvtKlines?symbol=BTCDOWN&interval=1m
]]></system-err>
</testsuite>
