<?xml version="1.0" encoding="UTF-8"?>
<testsuite name="com.pyryze.binance.spot.subaccount.TestSubAccountMarginAccount" tests="2" skipped="0" failures="0" errors="0" timestamp="2026-01-02T11:25:25" hostname="localhost" time="0.049">
  <properties/>
  <testcase name="testMarginWithoutParameters()" classname="com.pyryze.binance.spot.subaccount.TestSubAccountMarginAccount" time="0.015"/>
  <testcase name="testMargin()" classname="com.pyryze.binance.spot.subaccount.TestSubAccountMarginAccount" time="0.031"/>
  <system-out><![CDATA[]]></system-out>
  <system-err><![CDATA[[Test worker] INFO com.pyryze.binance.connector.client.utils.RequestHandler - GET http://localhost:48629//sapi/v1/sub-account/margin/account?email=alice%40test.com&timestamp=1767353125048&signature=5fdbacf6ad9494713cba87e473e8f30dcadc06908eff15ddff4995d1c741fbe7
]]></system-err>
</testsuite>
