<?xml version="1.0" encoding="UTF-8"?>
<testsuite name="com.pyryze.binance.um_futures.market.TestUMTopLongShortAccountRatio" tests="4" skipped="0" failures="0" errors="0" timestamp="2026-01-02T11:25:32" hostname="localhost" time="0.114">
  <properties/>
  <testcase name="testTopLongShortAccountRatio()" classname="com.pyryze.binance.um_futures.market.TestUMTopLongShortAccountRatio" time="0.042"/>
  <testcase name="testTopLongShortAccountRatioWithoutPeriod()" classname="com.pyryze.binance.um_futures.market.TestUMTopLongShortAccountRatio" time="0.013"/>
  <testcase name="testTopLongShortAccountRatioWithParameters()" classname="com.pyryze.binance.um_futures.market.TestUMTopLongShortAccountRatio" time="0.037"/>
  <testcase name="testTopLongShortAccountRatioWithoutSymbol()" classname="com.pyryze.binance.um_futures.market.TestUMTopLongShortAccountRatio" time="0.015"/>
  <system-out><![CDATA[]]></system-out>
  <system-err><![CDATA[[Test worker] INFO com.pyryze.binance.connector.client.utils.RequestHandler - GET http://localhost:41601//futures/data/topLongShortAccountRatio?symbol=BNBUSDT&period=5m
[Test worker] INFO com.pyryze.binance.connector.client.utils.RequestHandler - GET http://localhost:36689//futures/data/topLongShortAccountRatio?symbol=BNBUSDT&period=5m&limit=1000&startTime=1767353132987&endTime=1767353133987
]]></system-err>
</testsuite>
