<?xml version="1.0" encoding="UTF-8"?>
<testsuite name="com.pyryze.binance.um_futures.market.TestUMLongShortRatio" tests="4" skipped="0" failures="0" errors="0" timestamp="2026-01-02T11:25:31" hostname="localhost" time="0.117">
  <properties/>
  <testcase name="testLongShortRatioWithParameters()" classname="com.pyryze.binance.um_futures.market.TestUMLongShortRatio" time="0.038"/>
  <testcase name="testLongShortRatioWithoutPeriod()" classname="com.pyryze.binance.um_futures.market.TestUMLongShortRatio" time="0.016"/>
  <testcase name="testLongShortRatioWithoutSymbol()" classname="com.pyryze.binance.um_futures.market.TestUMLongShortRatio" time="0.016"/>
  <testcase name="testLongShortRatio()" classname="com.pyryze.binance.um_futures.market.TestUMLongShortRatio" time="0.038"/>
  <system-out><![CDATA[]]></system-out>
  <system-err><![CDATA[[Test worker] INFO com.pyryze.binance.connector.client.utils.RequestHandler - GET http://localhost:54341//futures/data/globalLongShortAccountRatio?symbol=BNBUSDT&period=5m&limit=1000&startTime=1767353131894&endTime=1767353132894
[Test worker] INFO com.pyryze.binance.connector.client.utils.RequestHandler - GET http://localhost:32915//futures/data/globalLongShortAccountRatio?symbol=BNBUSDT&period=5m
]]></system-err>
</testsuite>
