<?xml version="1.0" encoding="UTF-8"?>
<testsuite name="com.pyryze.binance.um_futures.portfoliomargin.TestUMPortfolioMarginExchangeInfo" tests="2" skipped="0" failures="0" errors="0" timestamp="2026-01-02T11:25:33" hostname="localhost" time="0.09">
  <properties/>
  <testcase name="testPortfolioMarginExchangeInfoWithoutSymbol()" classname="com.pyryze.binance.um_futures.portfoliomargin.TestUMPortfolioMarginExchangeInfo" time="0.044"/>
  <testcase name="testPortfolioMarginExchangeInfo()" classname="com.pyryze.binance.um_futures.portfoliomargin.TestUMPortfolioMarginExchangeInfo" time="0.044"/>
  <system-out><![CDATA[]]></system-out>
  <system-err><![CDATA[[Test worker] INFO com.pyryze.binance.connector.client.utils.RequestHandler - GET http://localhost:57465//fapi/v1/pmExchangeInfo?timestamp=1767353133336&signature=3b7d3307eaaf1e02c896a6770807b236aea28f46ece861eed4c31e9a092c252f
[Test worker] INFO com.pyryze.binance.connector.client.utils.RequestHandler - GET http://localhost:47733//fapi/v1/pmExchangeInfo?symbol=BNBUSDT&timestamp=1767353133383&signature=1026231d53dae657b7e734b908095c16f0c79eae72afdcf8734792f0aef69c82
]]></system-err>
</testsuite>
