<?xml version="1.0" encoding="UTF-8"?>
<testsuite name="com.pyryze.binance.um_futures.market.TestUMOpenInterest" tests="2" skipped="0" failures="0" errors="0" timestamp="2026-01-02T11:25:32" hostname="localhost" time="0.051">
  <properties/>
  <testcase name="testOpenInterestWithSymbol()" classname="com.pyryze.binance.um_futures.market.TestUMOpenInterest" time="0.036"/>
  <testcase name="testOpenInterestWithoutSymbol()" classname="com.pyryze.binance.um_futures.market.TestUMOpenInterest" time="0.013"/>
  <system-out><![CDATA[]]></system-out>
  <system-err><![CDATA[[Test worker] INFO com.pyryze.binance.connector.client.utils.RequestHandler - GET http://localhost:60647//fapi/v1/openInterest?symbol=BNBUSDT
]]></system-err>
</testsuite>
