<?xml version="1.0" encoding="UTF-8"?>
<testsuite name="com.pyryze.binance.cm_futures.account.TestCMQueryCurrentOpenOrder" tests="4" skipped="0" failures="0" errors="0" timestamp="2026-01-02T11:25:20" hostname="localhost" time="0.106">
  <properties/>
  <testcase name="testQueryCurrentOpenOrder()" classname="com.pyryze.binance.cm_futures.account.TestCMQueryCurrentOpenOrder" time="0.016"/>
  <testcase name="testQueryCurrentOpenOrderWithoutSymbol()" classname="com.pyryze.binance.cm_futures.account.TestCMQueryCurrentOpenOrder" time="0.014"/>
  <testcase name="testQueryCurrentOpenOrderWithOrderId()" classname="com.pyryze.binance.cm_futures.account.TestCMQueryCurrentOpenOrder" time="0.032"/>
  <testcase name="testQueryCurrentOpenOrderWithOrigClientOrderId()" classname="com.pyryze.binance.cm_futures.account.TestCMQueryCurrentOpenOrder" time="0.033"/>
  <system-out><![CDATA[]]></system-out>
  <system-err><![CDATA[[Test worker] INFO com.pyryze.binance.connector.client.utils.RequestHandler - GET http://localhost:53625//dapi/v1/openOrder?symbol=BNBUSDT&orderId=123&timestamp=1767353120107&signature=fd946e5404f16bb01757e17d558063d4bd263ea033342a04b61c8aa70a9e00a7
[Test worker] INFO com.pyryze.binance.connector.client.utils.RequestHandler - GET http://localhost:52669//dapi/v1/openOrder?symbol=BNBUSDT&origClientOrderId=123&timestamp=1767353120144&signature=89841687efededd2a504dd234e4c5b2f045e40ebd969a6915cdb21fe42798f13
]]></system-err>
</testsuite>
