<?xml version="1.0" encoding="UTF-8"?>
<testsuite name="com.pyryze.binance.spot.margin.TestAllAssets" tests="1" skipped="0" failures="0" errors="0" timestamp="2026-01-02T11:25:20" hostname="localhost" time="0.038">
  <properties/>
  <testcase name="testAllAssets()" classname="com.pyryze.binance.spot.margin.TestAllAssets" time="0.038"/>
  <system-out><![CDATA[]]></system-out>
  <system-err><![CDATA[[Test worker] INFO com.pyryze.binance.connector.client.utils.RequestHandler - GET http://localhost:36953//sapi/v1/margin/allAssets
]]></system-err>
</testsuite>
