<?xml version="1.0" encoding="UTF-8"?>
<testsuite name="com.pyryze.binance.spot.subaccount.TestSubAccountMarginSummary" tests="1" skipped="0" failures="0" errors="0" timestamp="2026-01-02T11:25:25" hostname="localhost" time="0.031">
  <properties/>
  <testcase name="testMarginSummary()" classname="com.pyryze.binance.spot.subaccount.TestSubAccountMarginSummary" time="0.031"/>
  <system-out><![CDATA[]]></system-out>
  <system-err><![CDATA[[Test worker] INFO com.pyryze.binance.connector.client.utils.RequestHandler - GET http://localhost:44115//sapi/v1/sub-account/margin/accountSummary?timestamp=1767353125088&signature=bede8135f96c5778851f5c285e9577f5d3dd88183c5120b8c608276e8459feff
]]></system-err>
</testsuite>
