<?xml version="1.0" encoding="UTF-8"?>
<testsuite name="com.pyryze.binance.spot.subaccount.TestQueryUniversalTransfer" tests="1" skipped="0" failures="0" errors="0" timestamp="2026-01-02T11:25:24" hostname="localhost" time="0.035">
  <properties/>
  <testcase name="testUniversalTransfer()" classname="com.pyryze.binance.spot.subaccount.TestQueryUniversalTransfer" time="0.035"/>
  <system-out><![CDATA[]]></system-out>
  <system-err><![CDATA[[Test worker] INFO com.pyryze.binance.connector.client.utils.RequestHandler - GET http://localhost:44033//sapi/v1/sub-account/universalTransfer?fromEmail=alice%40test.com&toEmail=bob%40test.com&startTime=100001&endTime=100002&page=1&limit=1&timestamp=1767353124654&signature=cc45f86028bcea04e178541ff3b176da1c19c0305a41f581c3557b5fce6d9303
]]></system-err>
</testsuite>
