<?xml version="1.0" encoding="UTF-8"?>
<testsuite name="com.pyryze.binance.spot.subaccount.TestEnableFuturesSubAccount" tests="2" skipped="0" failures="0" errors="0" timestamp="2026-01-02T11:25:23" hostname="localhost" time="0.058">
  <properties/>
  <testcase name="testEnableFutures()" classname="com.pyryze.binance.spot.subaccount.TestEnableFuturesSubAccount" time="0.041"/>
  <testcase name="testEnableFuturesWithoutEmail()" classname="com.pyryze.binance.spot.subaccount.TestEnableFuturesSubAccount" time="0.014"/>
  <system-out><![CDATA[]]></system-out>
  <system-err><![CDATA[[Test worker] INFO com.pyryze.binance.connector.client.utils.RequestHandler - POST http://localhost:37421//sapi/v1/sub-account/futures/enable?email=alice%40test.com&timestamp=1767353123676&signature=092d9a246def595eed353aa9bfc2cd3d5647ce1d49edf3302f5e063fba5388da
]]></system-err>
</testsuite>
