<?xml version="1.0" encoding="UTF-8"?>
<testsuite name="com.pyryze.binance.um_futures.market.TestUMTime" tests="1" skipped="0" failures="0" errors="0" timestamp="2026-01-02T11:25:32" hostname="localhost" time="0.033">
  <properties/>
  <testcase name="testTime()" classname="com.pyryze.binance.um_futures.market.TestUMTime" time="0.033"/>
  <system-out><![CDATA[]]></system-out>
  <system-err><![CDATA[[Test worker] INFO com.pyryze.binance.connector.client.utils.RequestHandler - GET http://localhost:48175//fapi/v1/time
]]></system-err>
</testsuite>
