<?xml version="1.0" encoding="UTF-8"?>
<testsuite name="com.pyryze.binance.spot.wallet.TestWithdraw" tests="4" skipped="0" failures="0" errors="0" timestamp="2026-01-02T11:25:28" hostname="localhost" time="0.075">
  <properties/>
  <testcase name="testWithdrawWithoutCoin()" classname="com.pyryze.binance.spot.wallet.TestWithdraw" time="0.013"/>
  <testcase name="testWithdrawWithoutAddress()" classname="com.pyryze.binance.spot.wallet.TestWithdraw" time="0.015"/>
  <testcase name="testWithdraw()" classname="com.pyryze.binance.spot.wallet.TestWithdraw" time="0.03"/>
  <testcase name="testWithdrawWithoutAmount()" classname="com.pyryze.binance.spot.wallet.TestWithdraw" time="0.011"/>
  <system-out><![CDATA[]]></system-out>
  <system-err><![CDATA[[Test worker] INFO com.pyryze.binance.connector.client.utils.RequestHandler - POST http://localhost:35385//sapi/v1/capital/withdraw/apply?coin=BNB&amount=0.01&address=add&timestamp=1767353128433&signature=ed5139f42a9899092097f43f6389b4705a43e2f0aadc3991d76ad4b8a9c9ad65
]]></system-err>
</testsuite>
