<?xml version="1.0" encoding="UTF-8"?>
<testsuite name="com.pyryze.binance.cm_futures.account.TestCMQueryOrder" tests="4" skipped="0" failures="0" errors="0" timestamp="2026-01-02T11:25:20" hostname="localhost" time="0.119">
  <properties/>
  <testcase name="testQueryOrderWithoutSymbol()" classname="com.pyryze.binance.cm_futures.account.TestCMQueryOrder" time="0.018"/>
  <testcase name="testQueryOrder()" classname="com.pyryze.binance.cm_futures.account.TestCMQueryOrder" time="0.016"/>
  <testcase name="testQueryOrderWithOrderId()" classname="com.pyryze.binance.cm_futures.account.TestCMQueryOrder" time="0.028"/>
  <testcase name="testQueryOrderWithOrigClientOrderId()" classname="com.pyryze.binance.cm_futures.account.TestCMQueryOrder" time="0.045"/>
  <system-out><![CDATA[]]></system-out>
  <system-err><![CDATA[[Test worker] INFO com.pyryze.binance.connector.client.utils.RequestHandler - GET http://localhost:51977//dapi/v1/order?symbol=BNBUSD_PERP&orderId=123&timestamp=1767353120228&signature=03a6568b4a0f6cdb372f6cb2a68d4e33c8b974c766bb0dd7bf3e2160183c31ef
[Test worker] INFO com.pyryze.binance.connector.client.utils.RequestHandler - GET http://localhost:39177//dapi/v1/order?symbol=BNBUSDT&origClientOrderId=123&timestamp=1767353120266&signature=b6a3ef404c5bdfab9feba9b72ccb97df6f08016ec470938afce681d6b9da6c75
]]></system-err>
</testsuite>
