<?xml version="1.0" encoding="UTF-8"?>
<testsuite name="com.pyryze.binance.spot.subaccount.TestFuturesAccountSummaryV2" tests="2" skipped="0" failures="0" errors="0" timestamp="2026-01-02T11:25:23" hostname="localhost" time="0.051">
  <properties/>
  <testcase name="testFuturesSummary()" classname="com.pyryze.binance.spot.subaccount.TestFuturesAccountSummaryV2" time="0.033"/>
  <testcase name="testFuturesSummaryWithoutType()" classname="com.pyryze.binance.spot.subaccount.TestFuturesAccountSummaryV2" time="0.016"/>
  <system-out><![CDATA[]]></system-out>
  <system-err><![CDATA[[Test worker] INFO com.pyryze.binance.connector.client.utils.RequestHandler - GET http://localhost:57581//sapi/v2/sub-account/futures/accountSummary?futuresType=1&timestamp=1767353123923&signature=809cbe292fb5744148dea547446a7dc83de1f2c129844cd16b637c8553392995
]]></system-err>
</testsuite>
