<?xml version="1.0" encoding="UTF-8"?>
<testsuite name="com.pyryze.binance.spot.wallet.TestCoinInfo" tests="1" skipped="0" failures="0" errors="0" timestamp="2026-01-02T11:25:27" hostname="localhost" time="0.048">
  <properties/>
  <testcase name="testCoinInfo()" classname="com.pyryze.binance.spot.wallet.TestCoinInfo" time="0.048"/>
  <system-out><![CDATA[]]></system-out>
  <system-err><![CDATA[[Test worker] INFO com.pyryze.binance.connector.client.utils.RequestHandler - GET http://localhost:43497//sapi/v1/capital/config/getall?timestamp=1767353127748&signature=035577aa1b435c00c370bb5da141494cdd6b9a7deda5f324eb27bdaecdae71e2
]]></system-err>
</testsuite>
