<?xml version="1.0" encoding="UTF-8"?>
<testsuite name="com.pyryze.binance.spot.wallet.TestEnableFastWithdraw" tests="1" skipped="0" failures="0" errors="0" timestamp="2026-01-02T11:25:28" hostname="localhost" time="0.04">
  <properties/>
  <testcase name="testEnableFastWithdraw()" classname="com.pyryze.binance.spot.wallet.TestEnableFastWithdraw" time="0.04"/>
  <system-out><![CDATA[]]></system-out>
  <system-err><![CDATA[[Test worker] INFO com.pyryze.binance.connector.client.utils.RequestHandler - POST http://localhost:38071//sapi/v1/account/enableFastWithdrawSwitch?timestamp=1767353128068&signature=cfcd2efabe701ec2d63f9e16c0fdce4a247b86efe4956cfe9b4ba599e8333399
]]></system-err>
</testsuite>
