<?xml version="1.0" encoding="UTF-8"?>
<testsuite name="com.pyryze.binance.spot.subaccount.TestEnableLeverageToken" tests="2" skipped="0" failures="0" errors="0" timestamp="2026-01-02T11:25:23" hostname="localhost" time="0.053">
  <properties/>
  <testcase name="testEnableToken()" classname="com.pyryze.binance.spot.subaccount.TestEnableLeverageToken" time="0.04"/>
  <testcase name="testEnableTokenWithoutParameters()" classname="com.pyryze.binance.spot.subaccount.TestEnableLeverageToken" time="0.011"/>
  <system-out><![CDATA[]]></system-out>
  <system-err><![CDATA[[Test worker] INFO com.pyryze.binance.connector.client.utils.RequestHandler - POST http://localhost:57331//sapi/v1/sub-account/blvt/enable?email=alice%40test.com&enableBlvt=true&timestamp=1767353123802&signature=66979a0e22414a09de11e02edddd40ea4dac47d95347cc176f5d3ba0f0a983eb
]]></system-err>
</testsuite>
