<?xml version="1.0" encoding="UTF-8"?>
<testsuite name="com.pyryze.binance.spot.margin.TestCrossMarginData" tests="1" skipped="0" failures="0" errors="0" timestamp="2026-01-02T11:25:21" hostname="localhost" time="0.033">
  <properties/>
  <testcase name="testCrossMarginData()" classname="com.pyryze.binance.spot.margin.TestCrossMarginData" time="0.033"/>
  <system-out><![CDATA[]]></system-out>
  <system-err><![CDATA[[Test worker] INFO com.pyryze.binance.connector.client.utils.RequestHandler - GET http://localhost:38433//sapi/v1/margin/crossMarginData?coin=BNB&timestamp=1767353121384&signature=fa9f0c16a5107ee434e0612bb19f2250a26430b4c33d6e9f8b31e4ed31f7d448
]]></system-err>
</testsuite>
