<?xml version="1.0" encoding="UTF-8"?>
<testsuite name="com.pyryze.binance.spot.subaccount.TestSubAccountDepositHistory" tests="2" skipped="0" failures="0" errors="0" timestamp="2026-01-02T11:25:24" hostname="localhost" time="0.047">
  <properties/>
  <testcase name="testDepositHistWithoutParameters()" classname="com.pyryze.binance.spot.subaccount.TestSubAccountDepositHistory" time="0.013"/>
  <testcase name="testDepositHist()" classname="com.pyryze.binance.spot.subaccount.TestSubAccountDepositHistory" time="0.032"/>
  <system-out><![CDATA[]]></system-out>
  <system-err><![CDATA[[Test worker] INFO com.pyryze.binance.connector.client.utils.RequestHandler - GET http://localhost:49801//sapi/v1/capital/deposit/subHisrec?email=alice%40test.com&timestamp=1767353124767&signature=04892434011bda6f0d6a4a74235636f64e81c9b86543af77eb4cb8b44d4c4e72
]]></system-err>
</testsuite>
