<?xml version="1.0" encoding="UTF-8"?>
<testsuite name="com.pyryze.binance.spot.wallet.TestBusdConvert" tests="3" skipped="0" failures="0" errors="0" timestamp="2026-01-02T11:25:27" hostname="localhost" time="0.081">
  <properties/>
  <testcase name="testBusdConverWithWrongParamType()" classname="com.pyryze.binance.spot.wallet.TestBusdConvert" time="0.02"/>
  <testcase name="testBusdConvert()" classname="com.pyryze.binance.spot.wallet.TestBusdConvert" time="0.038"/>
  <testcase name="testBusdConverWithoutMandatoryParam()" classname="com.pyryze.binance.spot.wallet.TestBusdConvert" time="0.017"/>
  <system-out><![CDATA[]]></system-out>
  <system-err><![CDATA[[Test worker] INFO com.pyryze.binance.connector.client.utils.RequestHandler - POST http://localhost:40839//sapi/v1/asset/convert-transfer?clientTranId=118263407119&asset=BUSD&amount=1&targetAsset=USDC&accountType=MAIN&timestamp=1767353127593&signature=5ed7867f868815bacc2235b9bb477147742d0e6f2cd92502227c10b8221305f6
]]></system-err>
</testsuite>
