<?xml version="1.0" encoding="UTF-8"?>
<testsuite name="com.pyryze.binance.TestRequestBuilder" tests="13" skipped="0" failures="0" errors="0" timestamp="2026-01-02T11:25:16" hostname="localhost" time="0.175">
  <properties/>
  <testcase name="testApiKeyInvalidUrl()" classname="com.pyryze.binance.TestRequestBuilder" time="0.015"/>
  <testcase name="testPublicInvalidMethod()" classname="com.pyryze.binance.TestRequestBuilder" time="0.009"/>
  <testcase name="testApiKeyGetMethod()" classname="com.pyryze.binance.TestRequestBuilder" time="0.009"/>
  <testcase name="testApiKeyInvalidMethod()" classname="com.pyryze.binance.TestRequestBuilder" time="0.01"/>
  <testcase name="testApiKeyDeleteMethod()" classname="com.pyryze.binance.TestRequestBuilder" time="0.007"/>
  <testcase name="testPublicPutMethod()" classname="com.pyryze.binance.TestRequestBuilder" time="0.007"/>
  <testcase name="testPublicPostMethod()" classname="com.pyryze.binance.TestRequestBuilder" time="0.009"/>
  <testcase name="testPublicGetMethod()" classname="com.pyryze.binance.TestRequestBuilder" time="0.008"/>
  <testcase name="testApiKeyPostMethod()" classname="com.pyryze.binance.TestRequestBuilder" time="0.007"/>
  <testcase name="testPublicInvalidUrl()" classname="com.pyryze.binance.TestRequestBuilder" time="0.009"/>
  <testcase name="testWebSocketUrl()" classname="com.pyryze.binance.TestRequestBuilder" time="0.008"/>
  <testcase name="testPublicDeleteMethod()" classname="com.pyryze.binance.TestRequestBuilder" time="0.008"/>
  <testcase name="testApiKeyPutMethod()" classname="com.pyryze.binance.TestRequestBuilder" time="0.007"/>
  <system-out><![CDATA[]]></system-out>
  <system-err><![CDATA[]]></system-err>
</testsuite>
