<?xml version="1.0" encoding="UTF-8"?>
<testsuite name="com.pyryze.binance.spot.subaccount.TestDeleteIpList" tests="2" skipped="0" failures="0" errors="0" timestamp="2026-01-02T11:25:23" hostname="localhost" time="0.057">
  <properties/>
  <testcase name="testDeleteIpList()" classname="com.pyryze.binance.spot.subaccount.TestDeleteIpList" time="0.04"/>
  <testcase name="testDeleteIpListWithoutParameters()" classname="com.pyryze.binance.spot.subaccount.TestDeleteIpList" time="0.015"/>
  <system-out><![CDATA[]]></system-out>
  <system-err><![CDATA[[Test worker] INFO com.pyryze.binance.connector.client.utils.RequestHandler - DELETE http://localhost:52479//sapi/v1/sub-account/subAccountApi/ipRestriction/ipList?email=alice%40test.com&subAccountApiKey=abc&ipAddress=1.1.1.1&timestamp=1767353123612&signature=f25eabba846a0bd639c1e38132e51afa7792e7553843c6c2ef45c9911e8636d9
]]></system-err>
</testsuite>
