<?xml version="1.0" encoding="UTF-8"?>
<testsuite name="com.pyryze.binance.spot.wallet.TestFundingWallet" tests="1" skipped="0" failures="0" errors="0" timestamp="2026-01-02T11:25:28" hostname="localhost" time="0.045">
  <properties/>
  <testcase name="testFundingWallet()" classname="com.pyryze.binance.spot.wallet.TestFundingWallet" time="0.045"/>
  <system-out><![CDATA[]]></system-out>
  <system-err><![CDATA[[Test worker] INFO com.pyryze.binance.connector.client.utils.RequestHandler - POST http://localhost:46061//sapi/v1/asset/get-funding-asset?timestamp=1767353128122&signature=85e95c71ab8076bc7351d6db17a1ddd4ff6c3232824bf93b9ee6ac09adf62ac1
]]></system-err>
</testsuite>
